

Microchip MPLAB XC8 Assembler V2.46 build 20240104201356 
                                                                                               Wed May 01 18:14:49 2024

Microchip MPLAB XC8 C Compiler v2.46 (Free license) build 20240104201356 Og1 
     1                           	processor	18F47K42
     2                           	fnconf	rparam,??,?,0
     3                           	pagewidth 120
     4                           	opt	flic
     5                           	psect	cinit,global,reloc=2,class=CODE,delta=1
     6                           	psect	bssCOMRAM,global,class=COMRAM,space=1,delta=1,lowdata,noexec
     7                           	psect	cstackCOMRAM,global,class=COMRAM,space=1,delta=1,lowdata,noexec
     8                           	psect	text0,global,reloc=2,class=CODE,delta=1
     9                           	psect	text1,global,reloc=2,class=CODE,delta=1,group=1
    10                           	psect	text2,global,reloc=2,class=CODE,delta=1
    11                           	psect	text3,global,reloc=2,class=CODE,delta=1
    12                           	psect	text4,global,reloc=2,class=CODE,delta=1
    13                           	psect	text5,global,reloc=2,class=CODE,delta=1
    14                           	psect	text6,global,reloc=2,class=CODE,delta=1
    15                           	psect	text7,global,reloc=2,class=CODE,delta=1
    16                           	psect	text8,global,reloc=2,class=CODE,delta=1
    17                           	psect	smallconst,global,reloc=2,class=SMALLCONST,delta=1,noexec
    18                           	psect	intsave_regs,global,class=BIGRAM,space=1,delta=1,noexec
    19                           	psect	rparam,global,class=COMRAM,space=1,delta=1,noexec
    20   000000                     
    21                           ; Generated 12/10/2023 GMT
    22                           ; 
    23                           ; Copyright © 2023, Microchip Technology Inc. and its subsidiaries ("Microchip")
    24                           ; All rights reserved.
    25                           ; 
    26                           ; This software is developed by Microchip Technology Inc. and its subsidiaries ("Microch
      +                          ip").
    27                           ; 
    28                           ; Redistribution and use in source and binary forms, with or without modification, are
    29                           ; permitted provided that the following conditions are met:
    30                           ; 
    31                           ;     1. Redistributions of source code must retain the above copyright notice, this lis
      +                          t of
    32                           ;        conditions and the following disclaimer.
    33                           ; 
    34                           ;     2. Redistributions in binary form must reproduce the above copyright notice, this 
      +                          list
    35                           ;        of conditions and the following disclaimer in the documentation and/or other
    36                           ;        materials provided with the distribution. Publication is not required when
    37                           ;        this file is used in an embedded application.
    38                           ; 
    39                           ;     3. Microchip's name may not be used to endorse or promote products derived from th
      +                          is
    40                           ;        software without specific prior written permission.
    41                           ; 
    42                           ; THIS SOFTWARE IS PROVIDED BY MICROCHIP "AS IS" AND ANY EXPRESS OR IMPLIED WARRANTIES,
    43                           ; INCLUDING, BUT NOT LIMITED TO, THE IMPLIED WARRANTIES OF MERCHANTABILITY AND FITNESS F
      +                          OR
    44                           ; PURPOSE ARE DISCLAIMED.  IN NO EVENT SHALL MICROCHIP BE LIABLE FOR ANY DIRECT, INDIREC
      +                          T,
    45                           ; INCIDENTAL, SPECIAL, EXEMPLARY, OR CONSEQUENTIAL DAMAGES (INCLUDING BUT NOT LIMITED TO
    46                           ; PROCUREMENT OF SUBSTITUTE GOODS OR SERVICES; LOSS OF USE, DATA OR PROFITS; OR BUSINESS
    47                           ; INTERRUPTION) HOWSOEVER CAUSED AND ON ANY THEORY OF LIABILITY, WHETHER IN CONTRACT, ST
      +                          RICT
    48                           ; LIABILITY, OR TORT (INCLUDING NEGLIGENCE OR OTHERWISE) ARISING IN ANY WAY OUT OF THE U
      +                          SE OF
    49                           ; THIS SOFTWARE, EVEN IF ADVISED OF THE POSSIBILITY OF SUCH DAMAGE.
    50                           ; 
    51                           ; 
    52                           ; Code-generator required, PIC18F47K42 Definitions
    53                           ; 
    54                           ; SFR Addresses
    55   000000                     _T2CON	set	16300
    56   000000                     _PPSLOCKbits	set	15039
    57   000000                     _PORTBbits	set	16331
    58   000000                     _TRISB	set	16323
    59   000000                     _CCP2CONbits	set	16250
    60   000000                     _PR2	set	16299
    61   000000                     _TMR2	set	16298
    62   000000                     _T2CONbits	set	16300
    63   000000                     _PIR4bits	set	14756
    64   000000                     _T2TMR	set	16298
    65   000000                     _T2HLT	set	16301
    66   000000                     _T2CLKCON	set	16302
    67   000000                     _T2PR	set	16299
    68   000000                     _TRISBbits	set	16323
    69   000000                     _T2RST	set	16303
    70   000000                     _OSCSTATbits	set	14812
    71   000000                     _RB3PPS	set	14859
    72   000000                     _PPSLOCK	set	15039
    73   000000                     _CCPTMRS0bits	set	16222
    74   000000                     _CCPR2L	set	16248
    75   000000                     _CCPR2H	set	16249
    76   000000                     _CCP2CON	set	16250
    77   000000                     _ANSELB	set	14928
    78   000000                     _PORTB	set	16331
    79   000000                     _OSCFRQ	set	14815
    80                           
    81                           ; #config settings
    82                           
    83                           	psect	cinit
    84   0021E8                     __pcinit:
    85                           	callstack 0
    86   0021E8                     start_initialization:
    87                           	callstack 0
    88   0021E8                     __initialization:
    89                           	callstack 0
    90                           
    91                           ; Clear objects allocated to COMRAM (4 bytes)
    92   0021E8  6A13               	clrf	(__pbssCOMRAM+3)& (0+255),c
    93   0021EA  6A12               	clrf	(__pbssCOMRAM+2)& (0+255),c
    94   0021EC  6A11               	clrf	(__pbssCOMRAM+1)& (0+255),c
    95   0021EE  6A10               	clrf	__pbssCOMRAM& (0+255),c
    96   0021F0                     end_of_initialization:
    97                           	callstack 0
    98   0021F0                     __end_of__initialization:
    99                           	callstack 0
   100   0021F0  0100               	movlb	0
   101   0021F2  EF01  F010         	goto	_main	;jump to C main() function
   102                           
   103                           	psect	bssCOMRAM
   104   000010                     __pbssCOMRAM:
   105                           	callstack 0
   106   000010                     _checkdutyCycle:
   107                           	callstack 0
   108   000010                     	ds	2
   109   000012                     _pwmStatus:
   110                           	callstack 0
   111   000012                     	ds	1
   112   000013                     _preScale:
   113                           	callstack 0
   114   000013                     	ds	1
   115                           
   116                           	psect	cstackCOMRAM
   117   000001                     __pcstackCOMRAM:
   118                           	callstack 0
   119   000001                     ?___lldiv:
   120                           	callstack 0
   121   000001                     PWM2_LoadDutyValue@dutyValue:
   122                           	callstack 0
   123   000001                     ___lldiv@dividend:
   124                           	callstack 0
   125                           
   126                           ; 4 bytes @ 0x0
   127   000001                     	ds	2
   128   000003                     
   129                           ; 1 bytes @ 0x2
   130   000003                     	ds	2
   131   000005                     ___lldiv@divisor:
   132                           	callstack 0
   133                           
   134                           ; 4 bytes @ 0x4
   135   000005                     	ds	4
   136   000009                     ___lldiv@quotient:
   137                           	callstack 0
   138                           
   139                           ; 4 bytes @ 0x8
   140   000009                     	ds	4
   141   00000D                     ___lldiv@counter:
   142                           	callstack 0
   143                           
   144                           ; 1 bytes @ 0xC
   145   00000D                     	ds	1
   146   00000E                     ??_main:
   147                           
   148                           ; 1 bytes @ 0xD
   149   00000E                     	ds	2
   150                           
   151 ;;
   152 ;;Main: autosize = 0, tempsize = 2, incstack = 0, save=0
   153 ;;
   154 ;; *************** function _main *****************
   155 ;; Defined at:
   156 ;;		line 43 in file "newmain.c"
   157 ;; Parameters:    Size  Location     Type
   158 ;;		None
   159 ;; Auto vars:     Size  Location     Type
   160 ;;		None
   161 ;; Return value:  Size  Location     Type
   162 ;;                  1    wreg      void 
   163 ;; Registers used:
   164 ;;		wreg, status,2, status,0, cstack
   165 ;; Tracked objects:
   166 ;;		On entry : 0/0
   167 ;;		On exit  : 0/0
   168 ;;		Unchanged: 0/0
   169 ;; Data sizes:     COMRAM   BANK0   BANK1   BANK2   BANK3   BANK4   BANK5   BANK6   BANK7   BANK8   BANK9  BANK10  BANK1
      +1  BANK12  BANK13  BANK14  BANK15  BANK16  BANK17  BANK18  BANK19  BANK20  BANK21  BANK22  BANK23  BANK24  BANK25  BANK2
      +6  BANK27  BANK28  BANK29  BANK30  BANK31
   170 ;;      Params:         0       0       0       0       0       0       0       0       0       0       0       0       
      +0       0       0       0       0       0       0       0       0       0       0       0       0       0       0       
      +0       0       0       0       0       0
   171 ;;      Locals:         0       0       0       0       0       0       0       0       0       0       0       0       
      +0       0       0       0       0       0       0       0       0       0       0       0       0       0       0       
      +0       0       0       0       0       0
   172 ;;      Temps:          2       0       0       0       0       0       0       0       0       0       0       0       
      +0       0       0       0       0       0       0       0       0       0       0       0       0       0       0       
      +0       0       0       0       0       0
   173 ;;      Totals:         2       0       0       0       0       0       0       0       0       0       0       0       
      +0       0       0       0       0       0       0       0       0       0       0       0       0       0       0       
      +0       0       0       0       0       0
   174 ;;Total ram usage:        2 bytes
   175 ;; Hardware stack levels required when called: 2
   176 ;; This function calls:
   177 ;;		_PWM2_Initialize
   178 ;;		_PWM2_LoadDutyValue
   179 ;;		_PWM2_OutputStatusGet
   180 ;;		_PWM_Output_D8_Enable
   181 ;;		_TMR2_Initialize
   182 ;;		_TMR2_StartTimer
   183 ;;		___lldiv
   184 ;; This function is called by:
   185 ;;		Startup code after reset
   186 ;; This function uses a non-reentrant model
   187 ;;
   188                           
   189                           	psect	text0
   190   002002                     __ptext0:
   191                           	callstack 0
   192   002002                     _main:
   193                           	callstack 29
   194   002002                     
   195                           ;newmain.c: 44:     OSCSTATbits.HFOR =1;
   196   002002  0139               	movlb	57	; () banked
   197   002004  8DDC               	bsf	220,6,b	;volatile
   198   002006                     
   199                           ; BSR set to: 57
   200                           ;newmain.c: 45:     OSCFRQ=0x02;
   201   002006  0E02               	movlw	2
   202   002008  6FDF               	movwf	223,b	;volatile
   203                           
   204                           ;newmain.c: 47:     ANSELB = 0b00000000;
   205   00200A  0E00               	movlw	0
   206   00200C  013A               	movlb	58	; () banked
   207   00200E  6F50               	movwf	80,b	;volatile
   208                           
   209                           ;newmain.c: 48:     TRISB= 0b00000000;
   210   002010  0E00               	movlw	0
   211   002012  6EC3               	movwf	195,c	;volatile
   212                           
   213                           ;newmain.c: 49:     PORTB= 0b00000000;
   214   002014  0E00               	movlw	0
   215   002016  6ECB               	movwf	203,c	;volatile
   216   002018                     
   217                           ; BSR set to: 58
   218                           ;newmain.c: 50:     TMR2_Initialize();
   219   002018  ECC2  F010         	call	_TMR2_Initialize	;wreg free
   220                           
   221                           ;newmain.c: 51:     TMR2_StartTimer();
   222   00201C  ECFB  F010         	call	_TMR2_StartTimer	;wreg free
   223   002020                     
   224                           ;newmain.c: 53:     PWM_Output_D8_Enable();
   225   002020  ECD0  F010         	call	_PWM_Output_D8_Enable	;wreg free
   226   002024                     
   227                           ;newmain.c: 54:     PWM2_Initialize();
   228   002024  ECDE  F010         	call	_PWM2_Initialize	;wreg free
   229   002028                     
   230                           ;newmain.c: 55:     PWM2_LoadDutyValue(409 );
   231   002028  0E01               	movlw	1
   232   00202A  6E02               	movwf	(PWM2_LoadDutyValue@dutyValue+1)^0,c
   233   00202C  0E99               	movlw	153
   234   00202E  6E01               	movwf	PWM2_LoadDutyValue@dutyValue^0,c
   235   002030  ECAA  F010         	call	_PWM2_LoadDutyValue	;wreg free
   236   002034                     
   237                           ;newmain.c: 60:     checkdutyCycle =(uint16_t)((100UL*409)/(4*(T2PR+1)));
   238   002034  0EC4               	movlw	196
   239   002036  6E01               	movwf	___lldiv@dividend^0,c
   240   002038  0E9F               	movlw	159
   241   00203A  6E02               	movwf	(___lldiv@dividend+1)^0,c
   242   00203C  0E00               	movlw	0
   243   00203E  6E03               	movwf	(___lldiv@dividend+2)^0,c
   244   002040  0E00               	movlw	0
   245   002042  6E04               	movwf	(___lldiv@dividend+3)^0,c
   246   002044  50AB               	movf	171,w,c	;volatile
   247   002046  6E0E               	movwf	??_main^0,c
   248   002048  6A0F               	clrf	(??_main+1)^0,c
   249   00204A  90D8               	bcf	status,0,c
   250   00204C  360E               	rlcf	??_main^0,f,c
   251   00204E  360F               	rlcf	(??_main+1)^0,f,c
   252   002050  90D8               	bcf	status,0,c
   253   002052  360E               	rlcf	??_main^0,f,c
   254   002054  360F               	rlcf	(??_main+1)^0,f,c
   255   002056  0E04               	movlw	4
   256   002058  260E               	addwf	??_main^0,f,c
   257   00205A  0E00               	movlw	0
   258   00205C  220F               	addwfc	(??_main+1)^0,f,c
   259   00205E  C00E  F005         	movff	??_main,___lldiv@divisor
   260   002062  C00F  F006         	movff	??_main+1,___lldiv@divisor+1
   261   002066  0E00               	movlw	0
   262   002068  BE06               	btfsc	(___lldiv@divisor+1)^0,7,c
   263   00206A  0EFF               	movlw	-1
   264   00206C  6E07               	movwf	(___lldiv@divisor+2)^0,c
   265   00206E  6E08               	movwf	(___lldiv@divisor+3)^0,c
   266   002070  EC58  F010         	call	___lldiv	;wreg free
   267   002074  C001  F010         	movff	?___lldiv,_checkdutyCycle
   268   002078  C002  F011         	movff	?___lldiv+1,_checkdutyCycle+1
   269   00207C                     
   270                           ;newmain.c: 62:     preScale = ((T2CON >> 4) & (0x0F));
   271   00207C  38AC               	swapf	172,w,c	;volatile
   272   00207E  0B0F               	andlw	15
   273   002080  0B0F               	andlw	15
   274   002082  6E13               	movwf	_preScale^0,c
   275   002084                     l957:
   276                           
   277                           ;newmain.c: 65:         pwmStatus = PWM2_OutputStatusGet();
   278   002084  ECEA  F010         	call	_PWM2_OutputStatusGet	;wreg free
   279   002088  6E12               	movwf	_pwmStatus^0,c
   280   00208A                     
   281                           ;newmain.c: 66:         PORTBbits.RB2 = pwmStatus;
   282   00208A  B012               	btfsc	_pwmStatus^0,0,c
   283   00208C  D002               	bra	u145
   284   00208E  94CB               	bcf	203,2,c	;volatile
   285   002090  D001               	bra	u146
   286   002092                     u145:
   287   002092  84CB               	bsf	203,2,c	;volatile
   288   002094                     u146:
   289   002094                     
   290                           ;newmain.c: 68:         if (PIR4bits.TMR2IF == 1) {
   291   002094  0139               	movlb	57	; () banked
   292   002096  A5A4               	btfss	164,2,b	;volatile
   293   002098  EF50  F010         	goto	u151
   294   00209C  EF52  F010         	goto	u150
   295   0020A0                     u151:
   296   0020A0  EF42  F010         	goto	l957
   297   0020A4                     u150:
   298   0020A4                     
   299                           ; BSR set to: 57
   300                           ;newmain.c: 69:             PIR4bits.TMR2IF = 0;
   301   0020A4  95A4               	bcf	164,2,b	;volatile
   302   0020A6                     
   303                           ; BSR set to: 57
   304                           ;newmain.c: 70:             PORTBbits.RB0 ^= 1;
   305   0020A6  70CB               	btg	203,0,c	;volatile
   306   0020A8  EF42  F010         	goto	l957
   307   0020AC  EFFE  F0FF         	goto	start
   308   0020B0                     __end_of_main:
   309                           	callstack 0
   310                           
   311 ;; *************** function ___lldiv *****************
   312 ;; Defined at:
   313 ;;		line 7 in file "C:\Program Files\Microchip\xc8\v2.46\pic\sources\c99\common\__lldiv.c"
   314 ;; Parameters:    Size  Location     Type
   315 ;;  dividend        4    0[COMRAM] unsigned long 
   316 ;;  divisor         4    4[COMRAM] unsigned long 
   317 ;; Auto vars:     Size  Location     Type
   318 ;;  quotient        4    8[COMRAM] unsigned long 
   319 ;;  counter         1   12[COMRAM] unsigned char 
   320 ;; Return value:  Size  Location     Type
   321 ;;                  4    0[COMRAM] unsigned long 
   322 ;; Registers used:
   323 ;;		wreg, status,2, status,0
   324 ;; Tracked objects:
   325 ;;		On entry : 0/0
   326 ;;		On exit  : 0/0
   327 ;;		Unchanged: 0/0
   328 ;; Data sizes:     COMRAM   BANK0   BANK1   BANK2   BANK3   BANK4   BANK5   BANK6   BANK7   BANK8   BANK9  BANK10  BANK1
      +1  BANK12  BANK13  BANK14  BANK15  BANK16  BANK17  BANK18  BANK19  BANK20  BANK21  BANK22  BANK23  BANK24  BANK25  BANK2
      +6  BANK27  BANK28  BANK29  BANK30  BANK31
   329 ;;      Params:         8       0       0       0       0       0       0       0       0       0       0       0       
      +0       0       0       0       0       0       0       0       0       0       0       0       0       0       0       
      +0       0       0       0       0       0
   330 ;;      Locals:         5       0       0       0       0       0       0       0       0       0       0       0       
      +0       0       0       0       0       0       0       0       0       0       0       0       0       0       0       
      +0       0       0       0       0       0
   331 ;;      Temps:          0       0       0       0       0       0       0       0       0       0       0       0       
      +0       0       0       0       0       0       0       0       0       0       0       0       0       0       0       
      +0       0       0       0       0       0
   332 ;;      Totals:        13       0       0       0       0       0       0       0       0       0       0       0       
      +0       0       0       0       0       0       0       0       0       0       0       0       0       0       0       
      +0       0       0       0       0       0
   333 ;;Total ram usage:       13 bytes
   334 ;; Hardware stack levels used: 1
   335 ;; This function calls:
   336 ;;		Nothing
   337 ;; This function is called by:
   338 ;;		_main
   339 ;; This function uses a non-reentrant model
   340 ;;
   341                           
   342                           	psect	text1
   343   0020B0                     __ptext1:
   344                           	callstack 0
   345   0020B0                     ___lldiv:
   346                           	callstack 30
   347   0020B0  0E00               	movlw	0
   348   0020B2  6E09               	movwf	___lldiv@quotient^0,c
   349   0020B4  0E00               	movlw	0
   350   0020B6  6E0A               	movwf	(___lldiv@quotient+1)^0,c
   351   0020B8  0E00               	movlw	0
   352   0020BA  6E0B               	movwf	(___lldiv@quotient+2)^0,c
   353   0020BC  0E00               	movlw	0
   354   0020BE  6E0C               	movwf	(___lldiv@quotient+3)^0,c
   355   0020C0  5005               	movf	___lldiv@divisor^0,w,c
   356   0020C2  1006               	iorwf	(___lldiv@divisor+1)^0,w,c
   357   0020C4  1007               	iorwf	(___lldiv@divisor+2)^0,w,c
   358   0020C6  1008               	iorwf	(___lldiv@divisor+3)^0,w,c
   359   0020C8  B4D8               	btfsc	status,2,c
   360   0020CA  EF69  F010         	goto	u111
   361   0020CE  EF6B  F010         	goto	u110
   362   0020D2                     u111:
   363   0020D2  EFA1  F010         	goto	l145
   364   0020D6                     u110:
   365   0020D6  0E01               	movlw	1
   366   0020D8  6E0D               	movwf	___lldiv@counter^0,c
   367   0020DA  EF75  F010         	goto	l927
   368   0020DE                     l925:
   369   0020DE  90D8               	bcf	status,0,c
   370   0020E0  3605               	rlcf	___lldiv@divisor^0,f,c
   371   0020E2  3606               	rlcf	(___lldiv@divisor+1)^0,f,c
   372   0020E4  3607               	rlcf	(___lldiv@divisor+2)^0,f,c
   373   0020E6  3608               	rlcf	(___lldiv@divisor+3)^0,f,c
   374   0020E8  2A0D               	incf	___lldiv@counter^0,f,c
   375   0020EA                     l927:
   376   0020EA  AE08               	btfss	(___lldiv@divisor+3)^0,7,c
   377   0020EC  EF7A  F010         	goto	u121
   378   0020F0  EF7C  F010         	goto	u120
   379   0020F4                     u121:
   380   0020F4  EF6F  F010         	goto	l925
   381   0020F8                     u120:
   382   0020F8                     l929:
   383   0020F8  90D8               	bcf	status,0,c
   384   0020FA  3609               	rlcf	___lldiv@quotient^0,f,c
   385   0020FC  360A               	rlcf	(___lldiv@quotient+1)^0,f,c
   386   0020FE  360B               	rlcf	(___lldiv@quotient+2)^0,f,c
   387   002100  360C               	rlcf	(___lldiv@quotient+3)^0,f,c
   388   002102  5005               	movf	___lldiv@divisor^0,w,c
   389   002104  5C01               	subwf	___lldiv@dividend^0,w,c
   390   002106  5006               	movf	(___lldiv@divisor+1)^0,w,c
   391   002108  5802               	subwfb	(___lldiv@dividend+1)^0,w,c
   392   00210A  5007               	movf	(___lldiv@divisor+2)^0,w,c
   393   00210C  5803               	subwfb	(___lldiv@dividend+2)^0,w,c
   394   00210E  5008               	movf	(___lldiv@divisor+3)^0,w,c
   395   002110  5804               	subwfb	(___lldiv@dividend+3)^0,w,c
   396   002112  A0D8               	btfss	status,0,c
   397   002114  EF8E  F010         	goto	u131
   398   002118  EF90  F010         	goto	u130
   399   00211C                     u131:
   400   00211C  EF99  F010         	goto	l937
   401   002120                     u130:
   402   002120  5005               	movf	___lldiv@divisor^0,w,c
   403   002122  5E01               	subwf	___lldiv@dividend^0,f,c
   404   002124  5006               	movf	(___lldiv@divisor+1)^0,w,c
   405   002126  5A02               	subwfb	(___lldiv@dividend+1)^0,f,c
   406   002128  5007               	movf	(___lldiv@divisor+2)^0,w,c
   407   00212A  5A03               	subwfb	(___lldiv@dividend+2)^0,f,c
   408   00212C  5008               	movf	(___lldiv@divisor+3)^0,w,c
   409   00212E  5A04               	subwfb	(___lldiv@dividend+3)^0,f,c
   410   002130  8009               	bsf	___lldiv@quotient^0,0,c
   411   002132                     l937:
   412   002132  90D8               	bcf	status,0,c
   413   002134  3208               	rrcf	(___lldiv@divisor+3)^0,f,c
   414   002136  3207               	rrcf	(___lldiv@divisor+2)^0,f,c
   415   002138  3206               	rrcf	(___lldiv@divisor+1)^0,f,c
   416   00213A  3205               	rrcf	___lldiv@divisor^0,f,c
   417   00213C  2E0D               	decfsz	___lldiv@counter^0,f,c
   418   00213E  EF7C  F010         	goto	l929
   419   002142                     l145:
   420   002142  C009  F001         	movff	___lldiv@quotient,?___lldiv
   421   002146  C00A  F002         	movff	___lldiv@quotient+1,?___lldiv+1
   422   00214A  C00B  F003         	movff	___lldiv@quotient+2,?___lldiv+2
   423   00214E  C00C  F004         	movff	___lldiv@quotient+3,?___lldiv+3
   424   002152  0012               	return		;funcret
   425   002154                     __end_of___lldiv:
   426                           	callstack 0
   427                           
   428 ;; *************** function _TMR2_StartTimer *****************
   429 ;; Defined at:
   430 ;;		line 74 in file "./PWM.h"
   431 ;; Parameters:    Size  Location     Type
   432 ;;		None
   433 ;; Auto vars:     Size  Location     Type
   434 ;;		None
   435 ;; Return value:  Size  Location     Type
   436 ;;                  1    wreg      void 
   437 ;; Registers used:
   438 ;;		cstack
   439 ;; Tracked objects:
   440 ;;		On entry : 0/0
   441 ;;		On exit  : 0/0
   442 ;;		Unchanged: 0/0
   443 ;; Data sizes:     COMRAM   BANK0   BANK1   BANK2   BANK3   BANK4   BANK5   BANK6   BANK7   BANK8   BANK9  BANK10  BANK1
      +1  BANK12  BANK13  BANK14  BANK15  BANK16  BANK17  BANK18  BANK19  BANK20  BANK21  BANK22  BANK23  BANK24  BANK25  BANK2
      +6  BANK27  BANK28  BANK29  BANK30  BANK31
   444 ;;      Params:         0       0       0       0       0       0       0       0       0       0       0       0       
      +0       0       0       0       0       0       0       0       0       0       0       0       0       0       0       
      +0       0       0       0       0       0
   445 ;;      Locals:         0       0       0       0       0       0       0       0       0       0       0       0       
      +0       0       0       0       0       0       0       0       0       0       0       0       0       0       0       
      +0       0       0       0       0       0
   446 ;;      Temps:          0       0       0       0       0       0       0       0       0       0       0       0       
      +0       0       0       0       0       0       0       0       0       0       0       0       0       0       0       
      +0       0       0       0       0       0
   447 ;;      Totals:         0       0       0       0       0       0       0       0       0       0       0       0       
      +0       0       0       0       0       0       0       0       0       0       0       0       0       0       0       
      +0       0       0       0       0       0
   448 ;;Total ram usage:        0 bytes
   449 ;; Hardware stack levels used: 1
   450 ;; Hardware stack levels required when called: 1
   451 ;; This function calls:
   452 ;;		_TMR2_Start
   453 ;; This function is called by:
   454 ;;		_main
   455 ;; This function uses a non-reentrant model
   456 ;;
   457                           
   458                           	psect	text2
   459   0021F6                     __ptext2:
   460                           	callstack 0
   461   0021F6                     _TMR2_StartTimer:
   462                           	callstack 29
   463   0021F6                     
   464                           ;./PWM.h: 76:     TMR2_Start();
   465   0021F6  ECFE  F010         	call	_TMR2_Start	;wreg free
   466   0021FA  0012               	return		;funcret
   467   0021FC                     __end_of_TMR2_StartTimer:
   468                           	callstack 0
   469                           
   470 ;; *************** function _TMR2_Start *****************
   471 ;; Defined at:
   472 ;;		line 68 in file "./PWM.h"
   473 ;; Parameters:    Size  Location     Type
   474 ;;		None
   475 ;; Auto vars:     Size  Location     Type
   476 ;;		None
   477 ;; Return value:  Size  Location     Type
   478 ;;                  1    wreg      void 
   479 ;; Registers used:
   480 ;;		None
   481 ;; Tracked objects:
   482 ;;		On entry : 0/0
   483 ;;		On exit  : 0/0
   484 ;;		Unchanged: 0/0
   485 ;; Data sizes:     COMRAM   BANK0   BANK1   BANK2   BANK3   BANK4   BANK5   BANK6   BANK7   BANK8   BANK9  BANK10  BANK1
      +1  BANK12  BANK13  BANK14  BANK15  BANK16  BANK17  BANK18  BANK19  BANK20  BANK21  BANK22  BANK23  BANK24  BANK25  BANK2
      +6  BANK27  BANK28  BANK29  BANK30  BANK31
   486 ;;      Params:         0       0       0       0       0       0       0       0       0       0       0       0       
      +0       0       0       0       0       0       0       0       0       0       0       0       0       0       0       
      +0       0       0       0       0       0
   487 ;;      Locals:         0       0       0       0       0       0       0       0       0       0       0       0       
      +0       0       0       0       0       0       0       0       0       0       0       0       0       0       0       
      +0       0       0       0       0       0
   488 ;;      Temps:          0       0       0       0       0       0       0       0       0       0       0       0       
      +0       0       0       0       0       0       0       0       0       0       0       0       0       0       0       
      +0       0       0       0       0       0
   489 ;;      Totals:         0       0       0       0       0       0       0       0       0       0       0       0       
      +0       0       0       0       0       0       0       0       0       0       0       0       0       0       0       
      +0       0       0       0       0       0
   490 ;;Total ram usage:        0 bytes
   491 ;; Hardware stack levels used: 1
   492 ;; This function calls:
   493 ;;		Nothing
   494 ;; This function is called by:
   495 ;;		_TMR2_StartTimer
   496 ;; This function uses a non-reentrant model
   497 ;;
   498                           
   499                           	psect	text3
   500   0021FC                     __ptext3:
   501                           	callstack 0
   502   0021FC                     _TMR2_Start:
   503                           	callstack 29
   504   0021FC                     
   505                           ;./PWM.h: 71:     T2CONbits.TMR2ON = 1;
   506   0021FC  8EAC               	bsf	172,7,c	;volatile
   507   0021FE  0012               	return		;funcret
   508   002200                     __end_of_TMR2_Start:
   509                           	callstack 0
   510                           
   511 ;; *************** function _TMR2_Initialize *****************
   512 ;; Defined at:
   513 ;;		line 30 in file "./PWM.h"
   514 ;; Parameters:    Size  Location     Type
   515 ;;		None
   516 ;; Auto vars:     Size  Location     Type
   517 ;;		None
   518 ;; Return value:  Size  Location     Type
   519 ;;                  1    wreg      void 
   520 ;; Registers used:
   521 ;;		wreg, status,2
   522 ;; Tracked objects:
   523 ;;		On entry : 0/0
   524 ;;		On exit  : 0/0
   525 ;;		Unchanged: 0/0
   526 ;; Data sizes:     COMRAM   BANK0   BANK1   BANK2   BANK3   BANK4   BANK5   BANK6   BANK7   BANK8   BANK9  BANK10  BANK1
      +1  BANK12  BANK13  BANK14  BANK15  BANK16  BANK17  BANK18  BANK19  BANK20  BANK21  BANK22  BANK23  BANK24  BANK25  BANK2
      +6  BANK27  BANK28  BANK29  BANK30  BANK31
   527 ;;      Params:         0       0       0       0       0       0       0       0       0       0       0       0       
      +0       0       0       0       0       0       0       0       0       0       0       0       0       0       0       
      +0       0       0       0       0       0
   528 ;;      Locals:         0       0       0       0       0       0       0       0       0       0       0       0       
      +0       0       0       0       0       0       0       0       0       0       0       0       0       0       0       
      +0       0       0       0       0       0
   529 ;;      Temps:          0       0       0       0       0       0       0       0       0       0       0       0       
      +0       0       0       0       0       0       0       0       0       0       0       0       0       0       0       
      +0       0       0       0       0       0
   530 ;;      Totals:         0       0       0       0       0       0       0       0       0       0       0       0       
      +0       0       0       0       0       0       0       0       0       0       0       0       0       0       0       
      +0       0       0       0       0       0
   531 ;;Total ram usage:        0 bytes
   532 ;; Hardware stack levels used: 1
   533 ;; This function calls:
   534 ;;		Nothing
   535 ;; This function is called by:
   536 ;;		_main
   537 ;; This function uses a non-reentrant model
   538 ;;
   539                           
   540                           	psect	text4
   541   002184                     __ptext4:
   542                           	callstack 0
   543   002184                     _TMR2_Initialize:
   544                           	callstack 30
   545   002184                     
   546                           ;./PWM.h: 35:     T2CLKCON = 0x01;
   547   002184  0E01               	movlw	1
   548   002186  6EAE               	movwf	174,c	;volatile
   549                           
   550                           ;./PWM.h: 38:     T2HLT = 0x00;
   551   002188  0E00               	movlw	0
   552   00218A  6EAD               	movwf	173,c	;volatile
   553                           
   554                           ;./PWM.h: 41:     T2RST = 0x00;
   555   00218C  0E00               	movlw	0
   556   00218E  6EAF               	movwf	175,c	;volatile
   557   002190                     
   558                           ;./PWM.h: 44:     T2PR = 0xFF;
   559   002190  68AB               	setf	171,c	;volatile
   560                           
   561                           ;./PWM.h: 47:     T2TMR = 0x08;
   562   002192  0E08               	movlw	8
   563   002194  6EAA               	movwf	170,c	;volatile
   564   002196                     
   565                           ;./PWM.h: 50:     PIR4bits.TMR2IF = 0;
   566   002196  0139               	movlb	57	; () banked
   567   002198  95A4               	bcf	164,2,b	;volatile
   568                           
   569                           ;./PWM.h: 53:     T2CON = 0xB0;
   570   00219A  0EB0               	movlw	176
   571   00219C  6EAC               	movwf	172,c	;volatile
   572   00219E                     
   573                           ; BSR set to: 57
   574   00219E  0012               	return		;funcret
   575   0021A0                     __end_of_TMR2_Initialize:
   576                           	callstack 0
   577                           
   578 ;; *************** function _PWM_Output_D8_Enable *****************
   579 ;; Defined at:
   580 ;;		line 142 in file "./PWM.h"
   581 ;; Parameters:    Size  Location     Type
   582 ;;		None
   583 ;; Auto vars:     Size  Location     Type
   584 ;;		None
   585 ;; Return value:  Size  Location     Type
   586 ;;                  1    wreg      void 
   587 ;; Registers used:
   588 ;;		wreg, status,2
   589 ;; Tracked objects:
   590 ;;		On entry : 0/0
   591 ;;		On exit  : 0/0
   592 ;;		Unchanged: 0/0
   593 ;; Data sizes:     COMRAM   BANK0   BANK1   BANK2   BANK3   BANK4   BANK5   BANK6   BANK7   BANK8   BANK9  BANK10  BANK1
      +1  BANK12  BANK13  BANK14  BANK15  BANK16  BANK17  BANK18  BANK19  BANK20  BANK21  BANK22  BANK23  BANK24  BANK25  BANK2
      +6  BANK27  BANK28  BANK29  BANK30  BANK31
   594 ;;      Params:         0       0       0       0       0       0       0       0       0       0       0       0       
      +0       0       0       0       0       0       0       0       0       0       0       0       0       0       0       
      +0       0       0       0       0       0
   595 ;;      Locals:         0       0       0       0       0       0       0       0       0       0       0       0       
      +0       0       0       0       0       0       0       0       0       0       0       0       0       0       0       
      +0       0       0       0       0       0
   596 ;;      Temps:          0       0       0       0       0       0       0       0       0       0       0       0       
      +0       0       0       0       0       0       0       0       0       0       0       0       0       0       0       
      +0       0       0       0       0       0
   597 ;;      Totals:         0       0       0       0       0       0       0       0       0       0       0       0       
      +0       0       0       0       0       0       0       0       0       0       0       0       0       0       0       
      +0       0       0       0       0       0
   598 ;;Total ram usage:        0 bytes
   599 ;; Hardware stack levels used: 1
   600 ;; This function calls:
   601 ;;		Nothing
   602 ;; This function is called by:
   603 ;;		_main
   604 ;; This function uses a non-reentrant model
   605 ;;
   606                           
   607                           	psect	text5
   608   0021A0                     __ptext5:
   609                           	callstack 0
   610   0021A0                     _PWM_Output_D8_Enable:
   611                           	callstack 30
   612   0021A0                     
   613                           ;./PWM.h: 143:     PPSLOCK = 0x55;
   614   0021A0  0E55               	movlw	85
   615   0021A2  013A               	movlb	58	; () banked
   616   0021A4  6FBF               	movwf	191,b	;volsfr
   617                           
   618                           ;./PWM.h: 144:     PPSLOCK = 0xAA;
   619   0021A6  0EAA               	movlw	170
   620   0021A8  6FBF               	movwf	191,b	;volsfr
   621   0021AA                     
   622                           ; BSR set to: 58
   623                           ;./PWM.h: 145:     PPSLOCKbits.PPSLOCKED = 0x00;
   624   0021AA  91BF               	bcf	191,0,b	;volsfr
   625                           
   626                           ;./PWM.h: 148:     RB3PPS = 0x0A;
   627   0021AC  0E0A               	movlw	10
   628   0021AE  6F0B               	movwf	11,b	;volatile
   629                           
   630                           ;./PWM.h: 150:     PPSLOCK = 0x55;
   631   0021B0  0E55               	movlw	85
   632   0021B2  6FBF               	movwf	191,b	;volsfr
   633                           
   634                           ;./PWM.h: 151:     PPSLOCK = 0xAA;
   635   0021B4  0EAA               	movlw	170
   636   0021B6  6FBF               	movwf	191,b	;volsfr
   637   0021B8                     
   638                           ; BSR set to: 58
   639                           ;./PWM.h: 152:     PPSLOCKbits.PPSLOCKED = 0x01;
   640   0021B8  81BF               	bsf	191,0,b	;volsfr
   641   0021BA                     
   642                           ; BSR set to: 58
   643   0021BA  0012               	return		;funcret
   644   0021BC                     __end_of_PWM_Output_D8_Enable:
   645                           	callstack 0
   646                           
   647 ;; *************** function _PWM2_OutputStatusGet *****************
   648 ;; Defined at:
   649 ;;		line 205 in file "./PWM.h"
   650 ;; Parameters:    Size  Location     Type
   651 ;;		None
   652 ;; Auto vars:     Size  Location     Type
   653 ;;		None
   654 ;; Return value:  Size  Location     Type
   655 ;;                  1    wreg      _Bool 
   656 ;; Registers used:
   657 ;;		wreg
   658 ;; Tracked objects:
   659 ;;		On entry : 0/0
   660 ;;		On exit  : 0/0
   661 ;;		Unchanged: 0/0
   662 ;; Data sizes:     COMRAM   BANK0   BANK1   BANK2   BANK3   BANK4   BANK5   BANK6   BANK7   BANK8   BANK9  BANK10  BANK1
      +1  BANK12  BANK13  BANK14  BANK15  BANK16  BANK17  BANK18  BANK19  BANK20  BANK21  BANK22  BANK23  BANK24  BANK25  BANK2
      +6  BANK27  BANK28  BANK29  BANK30  BANK31
   663 ;;      Params:         0       0       0       0       0       0       0       0       0       0       0       0       
      +0       0       0       0       0       0       0       0       0       0       0       0       0       0       0       
      +0       0       0       0       0       0
   664 ;;      Locals:         0       0       0       0       0       0       0       0       0       0       0       0       
      +0       0       0       0       0       0       0       0       0       0       0       0       0       0       0       
      +0       0       0       0       0       0
   665 ;;      Temps:          0       0       0       0       0       0       0       0       0       0       0       0       
      +0       0       0       0       0       0       0       0       0       0       0       0       0       0       0       
      +0       0       0       0       0       0
   666 ;;      Totals:         0       0       0       0       0       0       0       0       0       0       0       0       
      +0       0       0       0       0       0       0       0       0       0       0       0       0       0       0       
      +0       0       0       0       0       0
   667 ;;Total ram usage:        0 bytes
   668 ;; Hardware stack levels used: 1
   669 ;; This function calls:
   670 ;;		Nothing
   671 ;; This function is called by:
   672 ;;		_main
   673 ;; This function uses a non-reentrant model
   674 ;;
   675                           
   676                           	psect	text6
   677   0021D4                     __ptext6:
   678                           	callstack 0
   679   0021D4                     _PWM2_OutputStatusGet:
   680                           	callstack 30
   681   0021D4                     
   682                           ;./PWM.h: 208:     return(CCP2CONbits.OUT);
   683   0021D4  BA7A               	btfsc	122,5,c	;volatile
   684   0021D6  EFEF  F010         	goto	u31
   685   0021DA  EFF2  F010         	goto	u30
   686   0021DE                     u31:
   687   0021DE  0E01               	movlw	1
   688   0021E0  EFF3  F010         	goto	u36
   689   0021E4                     u30:
   690   0021E4  0E00               	movlw	0
   691   0021E6                     u36:
   692   0021E6  0012               	return		;funcret
   693   0021E8                     __end_of_PWM2_OutputStatusGet:
   694                           	callstack 0
   695                           
   696 ;; *************** function _PWM2_LoadDutyValue *****************
   697 ;; Defined at:
   698 ;;		line 187 in file "./PWM.h"
   699 ;; Parameters:    Size  Location     Type
   700 ;;  dutyValue       2    0[COMRAM] unsigned short 
   701 ;; Auto vars:     Size  Location     Type
   702 ;;		None
   703 ;; Return value:  Size  Location     Type
   704 ;;                  1    wreg      void 
   705 ;; Registers used:
   706 ;;		wreg, status,2, status,0
   707 ;; Tracked objects:
   708 ;;		On entry : 0/0
   709 ;;		On exit  : 0/0
   710 ;;		Unchanged: 0/0
   711 ;; Data sizes:     COMRAM   BANK0   BANK1   BANK2   BANK3   BANK4   BANK5   BANK6   BANK7   BANK8   BANK9  BANK10  BANK1
      +1  BANK12  BANK13  BANK14  BANK15  BANK16  BANK17  BANK18  BANK19  BANK20  BANK21  BANK22  BANK23  BANK24  BANK25  BANK2
      +6  BANK27  BANK28  BANK29  BANK30  BANK31
   712 ;;      Params:         2       0       0       0       0       0       0       0       0       0       0       0       
      +0       0       0       0       0       0       0       0       0       0       0       0       0       0       0       
      +0       0       0       0       0       0
   713 ;;      Locals:         0       0       0       0       0       0       0       0       0       0       0       0       
      +0       0       0       0       0       0       0       0       0       0       0       0       0       0       0       
      +0       0       0       0       0       0
   714 ;;      Temps:          0       0       0       0       0       0       0       0       0       0       0       0       
      +0       0       0       0       0       0       0       0       0       0       0       0       0       0       0       
      +0       0       0       0       0       0
   715 ;;      Totals:         2       0       0       0       0       0       0       0       0       0       0       0       
      +0       0       0       0       0       0       0       0       0       0       0       0       0       0       0       
      +0       0       0       0       0       0
   716 ;;Total ram usage:        2 bytes
   717 ;; Hardware stack levels used: 1
   718 ;; This function calls:
   719 ;;		Nothing
   720 ;; This function is called by:
   721 ;;		_main
   722 ;; This function uses a non-reentrant model
   723 ;;
   724                           
   725                           	psect	text7
   726   002154                     __ptext7:
   727                           	callstack 0
   728   002154                     _PWM2_LoadDutyValue:
   729                           	callstack 30
   730   002154                     
   731                           ;./PWM.h: 187: void PWM2_LoadDutyValue(uint16_t dutyValue);./PWM.h: 188: {;./PWM.h: 189:
      +                               dutyValue &= 0x03FF;
   732   002154  0EFF               	movlw	255
   733   002156  1601               	andwf	PWM2_LoadDutyValue@dutyValue^0,f,c
   734   002158  0E03               	movlw	3
   735   00215A  1602               	andwf	(PWM2_LoadDutyValue@dutyValue+1)^0,f,c
   736   00215C                     
   737                           ;./PWM.h: 192:     if(CCP2CONbits.FMT)
   738   00215C  A87A               	btfss	122,4,c	;volatile
   739   00215E  EFB3  F010         	goto	u91
   740   002162  EFB5  F010         	goto	u90
   741   002166                     u91:
   742   002166  EFBC  F010         	goto	l911
   743   00216A                     u90:
   744   00216A                     
   745                           ;./PWM.h: 193:     {;./PWM.h: 194:         dutyValue <<= 6;
   746   00216A  0E06               	movlw	6
   747   00216C                     u105:
   748   00216C  90D8               	bcf	status,0,c
   749   00216E  3601               	rlcf	PWM2_LoadDutyValue@dutyValue^0,f,c
   750   002170  3602               	rlcf	(PWM2_LoadDutyValue@dutyValue+1)^0,f,c
   751   002172  2EE8               	decfsz	wreg,f,c
   752   002174  EFB6  F010         	goto	u105
   753   002178                     l911:
   754                           
   755                           ;./PWM.h: 195:         CCPR2H = dutyValue >> 8;
   756   002178  5002               	movf	(PWM2_LoadDutyValue@dutyValue+1)^0,w,c
   757   00217A  6E79               	movwf	121,c	;volatile
   758   00217C                     
   759                           ;./PWM.h: 196:         CCPR2L = dutyValue;
   760   00217C  0060  F007  FF78   	movff	PWM2_LoadDutyValue@dutyValue,16248	;volatile
   761   002182  0012               	return		;funcret
   762   002184                     __end_of_PWM2_LoadDutyValue:
   763                           	callstack 0
   764                           
   765 ;; *************** function _PWM2_Initialize *****************
   766 ;; Defined at:
   767 ;;		line 170 in file "./PWM.h"
   768 ;; Parameters:    Size  Location     Type
   769 ;;		None
   770 ;; Auto vars:     Size  Location     Type
   771 ;;		None
   772 ;; Return value:  Size  Location     Type
   773 ;;                  1    wreg      void 
   774 ;; Registers used:
   775 ;;		wreg, status,2
   776 ;; Tracked objects:
   777 ;;		On entry : 0/0
   778 ;;		On exit  : 0/0
   779 ;;		Unchanged: 0/0
   780 ;; Data sizes:     COMRAM   BANK0   BANK1   BANK2   BANK3   BANK4   BANK5   BANK6   BANK7   BANK8   BANK9  BANK10  BANK1
      +1  BANK12  BANK13  BANK14  BANK15  BANK16  BANK17  BANK18  BANK19  BANK20  BANK21  BANK22  BANK23  BANK24  BANK25  BANK2
      +6  BANK27  BANK28  BANK29  BANK30  BANK31
   781 ;;      Params:         0       0       0       0       0       0       0       0       0       0       0       0       
      +0       0       0       0       0       0       0       0       0       0       0       0       0       0       0       
      +0       0       0       0       0       0
   782 ;;      Locals:         0       0       0       0       0       0       0       0       0       0       0       0       
      +0       0       0       0       0       0       0       0       0       0       0       0       0       0       0       
      +0       0       0       0       0       0
   783 ;;      Temps:          0       0       0       0       0       0       0       0       0       0       0       0       
      +0       0       0       0       0       0       0       0       0       0       0       0       0       0       0       
      +0       0       0       0       0       0
   784 ;;      Totals:         0       0       0       0       0       0       0       0       0       0       0       0       
      +0       0       0       0       0       0       0       0       0       0       0       0       0       0       0       
      +0       0       0       0       0       0
   785 ;;Total ram usage:        0 bytes
   786 ;; Hardware stack levels used: 1
   787 ;; This function calls:
   788 ;;		Nothing
   789 ;; This function is called by:
   790 ;;		_main
   791 ;; This function uses a non-reentrant model
   792 ;;
   793                           
   794                           	psect	text8
   795   0021BC                     __ptext8:
   796                           	callstack 0
   797   0021BC                     _PWM2_Initialize:
   798                           	callstack 30
   799   0021BC                     
   800                           ;./PWM.h: 175:  CCP2CON = 0x8C;
   801   0021BC  0E8C               	movlw	140
   802   0021BE  6E7A               	movwf	122,c	;volatile
   803                           
   804                           ;./PWM.h: 178:  CCPR2H = 0x1;
   805   0021C0  0E01               	movlw	1
   806   0021C2  6E79               	movwf	121,c	;volatile
   807                           
   808                           ;./PWM.h: 181:  CCPR2L = 0x99;
   809   0021C4  0E99               	movlw	153
   810   0021C6  6E78               	movwf	120,c	;volatile
   811                           
   812                           ;./PWM.h: 184:  CCPTMRS0bits.C2TSEL = 0x1;
   813   0021C8  013F               	movlb	63	; () banked
   814   0021CA  515E               	movf	94,w,b	;volatile
   815   0021CC  0BF3               	andlw	-13
   816   0021CE  0904               	iorlw	4
   817   0021D0  6F5E               	movwf	94,b	;volatile
   818   0021D2                     
   819                           ; BSR set to: 63
   820   0021D2  0012               	return		;funcret
   821   0021D4                     __end_of_PWM2_Initialize:
   822                           	callstack 0
   823                           
   824                           	psect	smallconst
   825   002000                     __psmallconst:
   826                           	callstack 0
   827   002000  00                 	db	0
   828   002001  00                 	db	0	; dummy byte at the end
   829   000000                     
   830                           	psect	rparam
   831   000000                     tosu	equ	0x3FFF
   832                           tosh	equ	0x3FFE
   833                           tosl	equ	0x3FFD
   834                           stkptr	equ	0x3FFC
   835                           pclatu	equ	0x3FFB
   836                           pclath	equ	0x3FFA
   837                           pcl	equ	0x3FF9
   838                           tblptru	equ	0x3FF8
   839                           tblptrh	equ	0x3FF7
   840                           tblptrl	equ	0x3FF6
   841                           tablat	equ	0x3FF5
   842                           prodh	equ	0x3FF4
   843                           prodl	equ	0x3FF3
   844                           indf0	equ	0x3FEF
   845                           postinc0	equ	0x3FEE
   846                           postdec0	equ	0x3FED
   847                           preinc0	equ	0x3FEC
   848                           plusw0	equ	0x3FEB
   849                           fsr0h	equ	0x3FEA
   850                           fsr0l	equ	0x3FE9
   851                           wreg	equ	0x3FE8
   852                           indf1	equ	0x3FE7
   853                           postinc1	equ	0x3FE6
   854                           postdec1	equ	0x3FE5
   855                           preinc1	equ	0x3FE4
   856                           plusw1	equ	0x3FE3
   857                           fsr1h	equ	0x3FE2
   858                           fsr1l	equ	0x3FE1
   859                           bsr	equ	0x3FE0
   860                           indf2	equ	0x3FDF
   861                           postinc2	equ	0x3FDE
   862                           postdec2	equ	0x3FDD
   863                           preinc2	equ	0x3FDC
   864                           plusw2	equ	0x3FDB
   865                           fsr2h	equ	0x3FDA
   866                           fsr2l	equ	0x3FD9
   867                           status	equ	0x3FD8

Data Sizes:
    Strings     0
    Constant    0
    Data        0
    BSS         4
    Persistent  0
    Stack       0

Auto Spaces:
    Space          Size  Autos    Used
    COMRAM           95     15      19
    BANK0           160      0       0
    BANK1           256      0       0
    BANK2           256      0       0
    BANK3           256      0       0
    BANK4           256      0       0
    BANK5           256      0       0
    BANK6           256      0       0
    BANK7           256      0       0
    BANK8           256      0       0
    BANK9           256      0       0
    BANK10          256      0       0
    BANK11          256      0       0
    BANK12          256      0       0
    BANK13          256      0       0
    BANK14          256      0       0
    BANK15          256      0       0
    BANK16          256      0       0
    BANK17          256      0       0
    BANK18          256      0       0
    BANK19          256      0       0
    BANK20          256      0       0
    BANK21          256      0       0
    BANK22          256      0       0
    BANK23          256      0       0
    BANK24          256      0       0
    BANK25          256      0       0
    BANK26          256      0       0
    BANK27          256      0       0
    BANK28          256      0       0
    BANK29          256      0       0
    BANK30          256      0       0
    BANK31          256      0       0

Pointer List with Targets:

    None.

Critical Paths under _main in COMRAM

    _main->___lldiv

Critical Paths under _main in BANK0

    None.

Critical Paths under _main in BANK1

    None.

Critical Paths under _main in BANK2

    None.

Critical Paths under _main in BANK3

    None.

Critical Paths under _main in BANK4

    None.

Critical Paths under _main in BANK5

    None.

Critical Paths under _main in BANK6

    None.

Critical Paths under _main in BANK7

    None.

Critical Paths under _main in BANK8

    None.

Critical Paths under _main in BANK9

    None.

Critical Paths under _main in BANK10

    None.

Critical Paths under _main in BANK11

    None.

Critical Paths under _main in BANK12

    None.

Critical Paths under _main in BANK13

    None.

Critical Paths under _main in BANK14

    None.

Critical Paths under _main in BANK15

    None.

Critical Paths under _main in BANK16

    None.

Critical Paths under _main in BANK17

    None.

Critical Paths under _main in BANK18

    None.

Critical Paths under _main in BANK19

    None.

Critical Paths under _main in BANK20

    None.

Critical Paths under _main in BANK21

    None.

Critical Paths under _main in BANK22

    None.

Critical Paths under _main in BANK23

    None.

Critical Paths under _main in BANK24

    None.

Critical Paths under _main in BANK25

    None.

Critical Paths under _main in BANK26

    None.

Critical Paths under _main in BANK27

    None.

Critical Paths under _main in BANK28

    None.

Critical Paths under _main in BANK29

    None.

Critical Paths under _main in BANK30

    None.

Critical Paths under _main in BANK31

    None.

Call Graph Tables:

 ---------------------------------------------------------------------------------
 (Depth) Function   	        Calls       Base Space   Used Autos Params    Refs
 ---------------------------------------------------------------------------------
 (0) _main                                                 2     2      0     480
                                             13 COMRAM     2     2      0
                    _PWM2_Initialize
                 _PWM2_LoadDutyValue
               _PWM2_OutputStatusGet
               _PWM_Output_D8_Enable
                    _TMR2_Initialize
                    _TMR2_StartTimer
                            ___lldiv
 ---------------------------------------------------------------------------------
 (1) ___lldiv                                             13     5      8     314
                                              0 COMRAM    13     5      8
 ---------------------------------------------------------------------------------
 (1) _TMR2_StartTimer                                      0     0      0       0
                         _TMR2_Start
 ---------------------------------------------------------------------------------
 (2) _TMR2_Start                                           0     0      0       0
 ---------------------------------------------------------------------------------
 (1) _TMR2_Initialize                                      0     0      0       0
 ---------------------------------------------------------------------------------
 (1) _PWM_Output_D8_Enable                                 0     0      0       0
 ---------------------------------------------------------------------------------
 (1) _PWM2_OutputStatusGet                                 0     0      0       0
 ---------------------------------------------------------------------------------
 (1) _PWM2_LoadDutyValue                                   2     0      2     166
                                              0 COMRAM     2     0      2
 ---------------------------------------------------------------------------------
 (1) _PWM2_Initialize                                      0     0      0       0
 ---------------------------------------------------------------------------------
 Estimated maximum stack depth 2
 ---------------------------------------------------------------------------------

 Call Graph Graphs:

 _main (ROOT)
   _PWM2_Initialize
   _PWM2_LoadDutyValue
   _PWM2_OutputStatusGet
   _PWM_Output_D8_Enable
   _TMR2_Initialize
   _TMR2_StartTimer
     _TMR2_Start
   ___lldiv

 Address spaces:
Name               Size   Autos  Total    Cost      Usage
BIGRAM            1FFF      0       0      81        0.0%
BITBIGSFRllhhll    49E      0       0      74        0.0%
EEDATA             400      0       0       0        0.0%
BITBIGSFRlll       1A4      0       0      80        0.0%
BITBANK31          100      0       0      67        0.0%
BANK31             100      0       0      68        0.0%
BITBANK30          100      0       0      65        0.0%
BANK30             100      0       0      66        0.0%
BITBANK29          100      0       0      63        0.0%
BANK29             100      0       0      64        0.0%
BITBANK28          100      0       0      61        0.0%
BANK28             100      0       0      62        0.0%
BITBANK27          100      0       0      59        0.0%
BANK27             100      0       0      60        0.0%
BITBANK26          100      0       0      57        0.0%
BANK26             100      0       0      58        0.0%
BITBANK25          100      0       0      55        0.0%
BANK25             100      0       0      56        0.0%
BITBANK24          100      0       0      53        0.0%
BANK24             100      0       0      54        0.0%
BITBANK23          100      0       0      51        0.0%
BANK23             100      0       0      52        0.0%
BITBANK22          100      0       0      49        0.0%
BANK22             100      0       0      50        0.0%
BITBANK21          100      0       0      47        0.0%
BANK21             100      0       0      48        0.0%
BITBANK20          100      0       0      45        0.0%
BANK20             100      0       0      46        0.0%
BITBANK19          100      0       0      43        0.0%
BANK19             100      0       0      44        0.0%
BITBANK18          100      0       0      41        0.0%
BANK18             100      0       0      42        0.0%
BITBANK17          100      0       0      39        0.0%
BANK17             100      0       0      40        0.0%
BITBANK16          100      0       0      37        0.0%
BANK16             100      0       0      38        0.0%
BITBANK15          100      0       0      35        0.0%
BANK15             100      0       0      36        0.0%
BITBANK14          100      0       0      33        0.0%
BANK14             100      0       0      34        0.0%
BITBANK13          100      0       0      31        0.0%
BANK13             100      0       0      32        0.0%
BITBANK12          100      0       0      29        0.0%
BANK12             100      0       0      30        0.0%
BITBANK11          100      0       0      27        0.0%
BANK11             100      0       0      28        0.0%
BITBANK10          100      0       0      25        0.0%
BANK10             100      0       0      26        0.0%
BITBANK9           100      0       0      23        0.0%
BANK9              100      0       0      24        0.0%
BITBANK8           100      0       0      20        0.0%
BANK8              100      0       0      21        0.0%
BITBANK7           100      0       0      18        0.0%
BANK7              100      0       0      19        0.0%
BITBANK6           100      0       0      16        0.0%
BANK6              100      0       0      17        0.0%
BITBANK5           100      0       0      14        0.0%
BANK5              100      0       0      15        0.0%
BITBANK4           100      0       0      12        0.0%
BANK4              100      0       0      13        0.0%
BITBANK3           100      0       0      10        0.0%
BANK3              100      0       0      11        0.0%
BITBANK2           100      0       0       8        0.0%
BANK2              100      0       0       9        0.0%
BITBANK1           100      0       0       6        0.0%
BANK1              100      0       0       7        0.0%
BITBANK0            A0      0       0       4        0.0%
BANK0               A0      0       0       5        0.0%
BITBIGSFRllhlhh     6E      0       0      75        0.0%
BITCOMRAM           5F      0       0       0        0.0%
COMRAM              5F      F      13       1       20.0%
BITBIGSFRllhlhl     44      0       0      76        0.0%
BITBIGSFRllhlll     37      0       0      79        0.0%
BITBIGSFRhhh        34      0       0      69        0.0%
BITBIGSFRllhhh      2F      0       0      72        0.0%
BITBIGSFRllhllh     2B      0       0      77        0.0%
BITBIGSFRllhhlh     19      0       0      73        0.0%
BITBIGSFRhl         13      0       0      71        0.0%
BITBIGSFRhhl         7      0       0      70        0.0%
BITBIGSFRllhllh      2      0       0      78        0.0%
BIGSFR               0      0       0     200        0.0%
BITSFR_8             0      0       0     200        0.0%
SFR_8                0      0       0     200        0.0%
BITSFR_7             0      0       0     200        0.0%
SFR_7                0      0       0     200        0.0%
BITSFR_6             0      0       0     200        0.0%
SFR_6                0      0       0     200        0.0%
BITSFR_5             0      0       0     200        0.0%
SFR_5                0      0       0     200        0.0%
BITSFR_4             0      0       0     200        0.0%
SFR_4                0      0       0     200        0.0%
BITSFR_3             0      0       0     200        0.0%
SFR_3                0      0       0     200        0.0%
BITSFR_2             0      0       0     200        0.0%
SFR_2                0      0       0     200        0.0%
BITSFR_1             0      0       0     200        0.0%
SFR_1                0      0       0     200        0.0%
BITSFR               0      0       0     200        0.0%
SFR                  0      0       0     200        0.0%
STACK                0      0       0       2        0.0%
NULL                 0      0       0       0        0.0%
ABS                  0      0      13      22        0.0%
DATA                 0      0      13       3        0.0%
CODE                 0      0       0       0        0.0%


Microchip Technology PIC18 Macro Assembler V2.46 build 20240104201356 
Symbol Table                                                                                   Wed May 01 18:14:49 2024

       ?_PWM_Output_D8_Enable 0001                            l53 219E                            l56 21FE  
                          l59 21FA                            l92 21D2                            l86 21BA  
                          l97 2182                            u30 21E4                            u31 21DE  
                          u36 21E6                            u90 216A                            u91 2166  
                         l100 21E6                           l152 2152                           l145 2142  
                         l813 21A0                           l911 2178                           l815 21AA  
                         l913 217C                           l905 2154                           l817 21B8  
                         l921 20C0                           l819 21BC                           l907 215C  
                         l835 21D4                           l931 2102                           l923 20D6  
                         l909 216A                           l933 2120                           l925 20DE  
                         l941 2002                           l791 21FC                           l935 2130  
                         l927 20EA                           l919 20B0                           l951 2028  
                         l943 2006                           l793 2184                           l937 2132  
                         l929 20F8                           l961 2094                           l953 2034  
                         l945 2018                           l795 2190                           l939 213C  
                         l963 20A4                           l955 207C                           l947 2020  
                         l797 2196                           l965 20A6                           l957 2084  
                         l949 2024                           l799 21F6                           l959 208A  
                         u110 20D6                           u111 20D2                           u120 20F8  
                         u105 216C                           u121 20F4                           u130 2120  
                         u131 211C                           u150 20A4                           u151 20A0  
                         u145 2092                           u146 2094                           _PR2 3FAB  
             _TMR2_Initialize 2184                           wreg 3FE8  __end_of_PWM2_OutputStatusGet 21E8  
                        _T2PR 3FAB                          _TMR2 3FAA                          _main 2002  
                        start FFFC                  ___param_bank 0000       __end_of_PWM2_Initialize 21D4  
              _checkdutyCycle 0010                         ?_main 0001               __end_of___lldiv 2154  
                       _T2CON 3FAC                         _T2HLT 3FAD                         _T2TMR 3FAA  
                       _T2RST 3FAF                         _PORTB 3FCB                         _TRISB 3FC3  
                 ?_TMR2_Start 0001                         status 3FD8               _TMR2_StartTimer 21F6  
      ??_PWM_Output_D8_Enable 0001               __initialization 21E8                  __end_of_main 20B0  
     __end_of_TMR2_Initialize 21A0                        ??_main 000E                 __activetblptr 0000  
                      _CCPR2H 3F79                        _CCPR2L 3F78                        _ANSELB 3A50  
                      _RB3PPS 3A0B                        _OSCFRQ 39DF                  _CCPTMRS0bits 3F5E  
                   ??___lldiv 0009              ?_PWM2_Initialize 0001          _PWM2_OutputStatusGet 21D4  
                      isa$std 0001                  __mediumconst 0000       __end_of_TMR2_StartTimer 21FC  
                  __accesstop 0060       __end_of__initialization 21F0    __end_of_PWM2_LoadDutyValue 2184  
               ___rparam_used 0001                __pcstackCOMRAM 0001         ?_PWM2_OutputStatusGet 0001  
            ?_TMR2_Initialize 0001                       _CCP2CON 3F7A                       _PPSLOCK 3ABF  
                ??_TMR2_Start 0001              ?_TMR2_StartTimer 0001                       __Hparam 0000  
                     __Lparam 0000        ??_PWM2_OutputStatusGet 0001                       ___lldiv 20B0  
                __psmallconst 2000            __end_of_TMR2_Start 2200                       __pcinit 21E8  
                     __ramtop 2000                       __ptext0 2002                       __ptext1 20B0  
                     __ptext2 21F6                       __ptext3 21FC                       __ptext4 2184  
                     __ptext5 21A0                       __ptext6 21D4                       __ptext7 2154  
                     __ptext8 21BC                     _T2CONbits 3FAC          end_of_initialization 21F0  
             ___lldiv@divisor 0005               ___lldiv@counter 000D                     _PORTBbits 3FCB  
                   _TRISBbits 3FC3                   _CCP2CONbits 3F7A            _PWM2_LoadDutyValue 2154  
         start_initialization 21E8           ?_PWM2_LoadDutyValue 0001          ??_PWM2_LoadDutyValue 0003  
 PWM2_LoadDutyValue@dutyValue 0001                   __pbssCOMRAM 0010                      ?___lldiv 0001  
                 __smallconst 2000                      _T2CLKCON 3FAE             ??_PWM2_Initialize 0001  
                    _PIR4bits 39A4                     _pwmStatus 0012  __end_of_PWM_Output_D8_Enable 21BC  
           ??_TMR2_Initialize 0001                      __Hrparam 0000                      __Lrparam 0000  
                    _preScale 0013                      isa$xinst 0000             ??_TMR2_StartTimer 0001  
                 _OSCSTATbits 39DC              ___lldiv@dividend 0001                   _PPSLOCKbits 3ABF  
        _PWM_Output_D8_Enable 21A0              ___lldiv@quotient 0009               _PWM2_Initialize 21BC  
                  _TMR2_Start 21FC  
