

Microchip MPLAB XC8 Assembler V2.46 build 20240104201356 
                                                                                               Tue May 07 19:49:38 2024

Microchip MPLAB XC8 C Compiler v2.46 (Free license) build 20240104201356 Og1 
     1                           	processor	18F47K42
     2                           	fnconf	rparam,??,?,0
     3                           	pagewidth 120
     4                           	opt	flic
     5                           	psect	cinit,global,reloc=2,class=CODE,delta=1
     6                           	psect	bssCOMRAM,global,class=COMRAM,space=1,delta=1,lowdata,noexec
     7                           	psect	cstackCOMRAM,global,class=COMRAM,space=1,delta=1,lowdata,noexec
     8                           	psect	text0,global,reloc=2,class=CODE,delta=1
     9                           	psect	text1,global,reloc=2,class=CODE,delta=1,group=1
    10                           	psect	text2,global,reloc=2,class=CODE,delta=1
    11                           	psect	text3,global,reloc=2,class=CODE,delta=1
    12                           	psect	text4,global,reloc=2,class=CODE,delta=1
    13                           	psect	text5,global,reloc=2,class=CODE,delta=1
    14                           	psect	text6,global,reloc=2,class=CODE,delta=1
    15                           	psect	text7,global,reloc=2,class=CODE,delta=1
    16                           	psect	text8,global,reloc=2,class=CODE,delta=1
    17                           	psect	smallconst,global,reloc=2,class=SMALLCONST,delta=1,noexec
    18                           	psect	intsave_regs,global,class=BIGRAM,space=1,delta=1,noexec
    19                           	psect	rparam,global,class=COMRAM,space=1,delta=1,noexec
    20                           	psect	config,global,abs,ovrld,class=CONFIG,space=4,delta=1,noexec
    21   000000                     
    22                           ; Generated 12/10/2023 GMT
    23                           ; 
    24                           ; Copyright © 2023, Microchip Technology Inc. and its subsidiaries ("Microchip")
    25                           ; All rights reserved.
    26                           ; 
    27                           ; This software is developed by Microchip Technology Inc. and its subsidiaries ("Microch
      +                          ip").
    28                           ; 
    29                           ; Redistribution and use in source and binary forms, with or without modification, are
    30                           ; permitted provided that the following conditions are met:
    31                           ; 
    32                           ;     1. Redistributions of source code must retain the above copyright notice, this lis
      +                          t of
    33                           ;        conditions and the following disclaimer.
    34                           ; 
    35                           ;     2. Redistributions in binary form must reproduce the above copyright notice, this 
      +                          list
    36                           ;        of conditions and the following disclaimer in the documentation and/or other
    37                           ;        materials provided with the distribution. Publication is not required when
    38                           ;        this file is used in an embedded application.
    39                           ; 
    40                           ;     3. Microchip's name may not be used to endorse or promote products derived from th
      +                          is
    41                           ;        software without specific prior written permission.
    42                           ; 
    43                           ; THIS SOFTWARE IS PROVIDED BY MICROCHIP "AS IS" AND ANY EXPRESS OR IMPLIED WARRANTIES,
    44                           ; INCLUDING, BUT NOT LIMITED TO, THE IMPLIED WARRANTIES OF MERCHANTABILITY AND FITNESS F
      +                          OR
    45                           ; PURPOSE ARE DISCLAIMED.  IN NO EVENT SHALL MICROCHIP BE LIABLE FOR ANY DIRECT, INDIREC
      +                          T,
    46                           ; INCIDENTAL, SPECIAL, EXEMPLARY, OR CONSEQUENTIAL DAMAGES (INCLUDING BUT NOT LIMITED TO
    47                           ; PROCUREMENT OF SUBSTITUTE GOODS OR SERVICES; LOSS OF USE, DATA OR PROFITS; OR BUSINESS
    48                           ; INTERRUPTION) HOWSOEVER CAUSED AND ON ANY THEORY OF LIABILITY, WHETHER IN CONTRACT, ST
      +                          RICT
    49                           ; LIABILITY, OR TORT (INCLUDING NEGLIGENCE OR OTHERWISE) ARISING IN ANY WAY OUT OF THE U
      +                          SE OF
    50                           ; THIS SOFTWARE, EVEN IF ADVISED OF THE POSSIBILITY OF SUCH DAMAGE.
    51                           ; 
    52                           ; 
    53                           ; Code-generator required, PIC18F47K42 Definitions
    54                           ; 
    55                           ; SFR Addresses
    56   000000                     _T2CON	set	16300
    57   000000                     _PPSLOCKbits	set	15039
    58   000000                     _PORTBbits	set	16331
    59   000000                     _TRISB	set	16323
    60   000000                     _CCP2CONbits	set	16250
    61   000000                     _PR2	set	16299
    62   000000                     _TMR2	set	16298
    63   000000                     _T2CONbits	set	16300
    64   000000                     _PIR4bits	set	14756
    65   000000                     _T2TMR	set	16298
    66   000000                     _T2HLT	set	16301
    67   000000                     _T2CLKCON	set	16302
    68   000000                     _T2PR	set	16299
    69   000000                     _TRISBbits	set	16323
    70   000000                     _T2RST	set	16303
    71   000000                     _OSCSTATbits	set	14812
    72   000000                     _RB3PPS	set	14859
    73   000000                     _PPSLOCK	set	15039
    74   000000                     _CCPTMRS0bits	set	16222
    75   000000                     _CCPR2L	set	16248
    76   000000                     _CCPR2H	set	16249
    77   000000                     _CCP2CON	set	16250
    78   000000                     _ANSELB	set	14928
    79   000000                     _PORTB	set	16331
    80   000000                     _OSCFRQ	set	14815
    81                           
    82                           ; #config settings
    83                           
    84                           	psect	cinit
    85   0021EA                     __pcinit:
    86                           	callstack 0
    87   0021EA                     start_initialization:
    88                           	callstack 0
    89   0021EA                     __initialization:
    90                           	callstack 0
    91                           
    92                           ; Clear objects allocated to COMRAM (4 bytes)
    93   0021EA  6A13               	clrf	(__pbssCOMRAM+3)& (0+255),c
    94   0021EC  6A12               	clrf	(__pbssCOMRAM+2)& (0+255),c
    95   0021EE  6A11               	clrf	(__pbssCOMRAM+1)& (0+255),c
    96   0021F0  6A10               	clrf	__pbssCOMRAM& (0+255),c
    97   0021F2                     end_of_initialization:
    98                           	callstack 0
    99   0021F2                     __end_of__initialization:
   100                           	callstack 0
   101   0021F2  0100               	movlb	0
   102   0021F4  EF01  F010         	goto	_main	;jump to C main() function
   103                           
   104                           	psect	bssCOMRAM
   105   000010                     __pbssCOMRAM:
   106                           	callstack 0
   107   000010                     _checkdutyCycle:
   108                           	callstack 0
   109   000010                     	ds	2
   110   000012                     _pwmStatus:
   111                           	callstack 0
   112   000012                     	ds	1
   113   000013                     _preScale:
   114                           	callstack 0
   115   000013                     	ds	1
   116                           
   117                           	psect	cstackCOMRAM
   118   000001                     __pcstackCOMRAM:
   119                           	callstack 0
   120   000001                     ?___lldiv:
   121                           	callstack 0
   122   000001                     PWM2_LoadDutyValue@dutyValue:
   123                           	callstack 0
   124   000001                     ___lldiv@dividend:
   125                           	callstack 0
   126                           
   127                           ; 4 bytes @ 0x0
   128   000001                     	ds	2
   129   000003                     
   130                           ; 1 bytes @ 0x2
   131   000003                     	ds	2
   132   000005                     ___lldiv@divisor:
   133                           	callstack 0
   134                           
   135                           ; 4 bytes @ 0x4
   136   000005                     	ds	4
   137   000009                     ___lldiv@quotient:
   138                           	callstack 0
   139                           
   140                           ; 4 bytes @ 0x8
   141   000009                     	ds	4
   142   00000D                     ___lldiv@counter:
   143                           	callstack 0
   144                           
   145                           ; 1 bytes @ 0xC
   146   00000D                     	ds	1
   147   00000E                     ??_main:
   148                           
   149                           ; 1 bytes @ 0xD
   150   00000E                     	ds	2
   151                           
   152 ;;
   153 ;;Main: autosize = 0, tempsize = 2, incstack = 0, save=0
   154 ;;
   155 ;; *************** function _main *****************
   156 ;; Defined at:
   157 ;;		line 43 in file "newmain.c"
   158 ;; Parameters:    Size  Location     Type
   159 ;;		None
   160 ;; Auto vars:     Size  Location     Type
   161 ;;		None
   162 ;; Return value:  Size  Location     Type
   163 ;;                  1    wreg      void 
   164 ;; Registers used:
   165 ;;		wreg, status,2, status,0, cstack
   166 ;; Tracked objects:
   167 ;;		On entry : 0/0
   168 ;;		On exit  : 0/0
   169 ;;		Unchanged: 0/0
   170 ;; Data sizes:     COMRAM   BANK0   BANK1   BANK2   BANK3   BANK4   BANK5   BANK6   BANK7   BANK8   BANK9  BANK10  BANK1
      +1  BANK12  BANK13  BANK14  BANK15  BANK16  BANK17  BANK18  BANK19  BANK20  BANK21  BANK22  BANK23  BANK24  BANK25  BANK2
      +6  BANK27  BANK28  BANK29  BANK30  BANK31
   171 ;;      Params:         0       0       0       0       0       0       0       0       0       0       0       0       
      +0       0       0       0       0       0       0       0       0       0       0       0       0       0       0       
      +0       0       0       0       0       0
   172 ;;      Locals:         0       0       0       0       0       0       0       0       0       0       0       0       
      +0       0       0       0       0       0       0       0       0       0       0       0       0       0       0       
      +0       0       0       0       0       0
   173 ;;      Temps:          2       0       0       0       0       0       0       0       0       0       0       0       
      +0       0       0       0       0       0       0       0       0       0       0       0       0       0       0       
      +0       0       0       0       0       0
   174 ;;      Totals:         2       0       0       0       0       0       0       0       0       0       0       0       
      +0       0       0       0       0       0       0       0       0       0       0       0       0       0       0       
      +0       0       0       0       0       0
   175 ;;Total ram usage:        2 bytes
   176 ;; Hardware stack levels required when called: 2
   177 ;; This function calls:
   178 ;;		_PWM2_Initialize
   179 ;;		_PWM2_LoadDutyValue
   180 ;;		_PWM2_OutputStatusGet
   181 ;;		_PWM_Output_D8_Enable
   182 ;;		_TMR2_Initialize
   183 ;;		_TMR2_StartTimer
   184 ;;		___lldiv
   185 ;; This function is called by:
   186 ;;		Startup code after reset
   187 ;; This function uses a non-reentrant model
   188 ;;
   189                           
   190                           	psect	text0
   191   002002                     __ptext0:
   192                           	callstack 0
   193   002002                     _main:
   194                           	callstack 29
   195   002002                     
   196                           ;newmain.c: 44:     OSCSTATbits.HFOR =1;
   197   002002  0139               	movlb	57	; () banked
   198   002004  8DDC               	bsf	220,6,b	;volatile
   199   002006                     
   200                           ; BSR set to: 57
   201                           ;newmain.c: 45:     OSCFRQ=0x02;
   202   002006  0E02               	movlw	2
   203   002008  6FDF               	movwf	223,b	;volatile
   204                           
   205                           ;newmain.c: 47:     ANSELB = 0b00000000;
   206   00200A  0E00               	movlw	0
   207   00200C  013A               	movlb	58	; () banked
   208   00200E  6F50               	movwf	80,b	;volatile
   209                           
   210                           ;newmain.c: 48:     TRISB= 0b00000000;
   211   002010  0E00               	movlw	0
   212   002012  6EC3               	movwf	195,c	;volatile
   213                           
   214                           ;newmain.c: 49:     PORTB= 0b00000000;
   215   002014  0E00               	movlw	0
   216   002016  6ECB               	movwf	203,c	;volatile
   217   002018                     
   218                           ; BSR set to: 58
   219                           ;newmain.c: 50:     TMR2_Initialize();
   220   002018  ECC2  F010         	call	_TMR2_Initialize	;wreg free
   221                           
   222                           ;newmain.c: 51:     TMR2_StartTimer();
   223   00201C  ECFC  F010         	call	_TMR2_StartTimer	;wreg free
   224   002020                     
   225                           ;newmain.c: 53:     PWM_Output_D8_Enable();
   226   002020  ECD1  F010         	call	_PWM_Output_D8_Enable	;wreg free
   227   002024                     
   228                           ;newmain.c: 54:     PWM2_Initialize();
   229   002024  ECDF  F010         	call	_PWM2_Initialize	;wreg free
   230   002028                     
   231                           ;newmain.c: 55:     PWM2_LoadDutyValue(31 );
   232   002028  0E00               	movlw	0
   233   00202A  6E02               	movwf	(PWM2_LoadDutyValue@dutyValue+1)^0,c
   234   00202C  0E1F               	movlw	31
   235   00202E  6E01               	movwf	PWM2_LoadDutyValue@dutyValue^0,c
   236   002030  ECAA  F010         	call	_PWM2_LoadDutyValue	;wreg free
   237   002034                     
   238                           ;newmain.c: 60:     checkdutyCycle =(uint16_t)((100UL*31)/(4*(T2PR+1)));
   239   002034  0E1C               	movlw	28
   240   002036  6E01               	movwf	___lldiv@dividend^0,c
   241   002038  0E0C               	movlw	12
   242   00203A  6E02               	movwf	(___lldiv@dividend+1)^0,c
   243   00203C  0E00               	movlw	0
   244   00203E  6E03               	movwf	(___lldiv@dividend+2)^0,c
   245   002040  0E00               	movlw	0
   246   002042  6E04               	movwf	(___lldiv@dividend+3)^0,c
   247   002044  50AB               	movf	171,w,c	;volatile
   248   002046  6E0E               	movwf	??_main^0,c
   249   002048  6A0F               	clrf	(??_main+1)^0,c
   250   00204A  90D8               	bcf	status,0,c
   251   00204C  360E               	rlcf	??_main^0,f,c
   252   00204E  360F               	rlcf	(??_main+1)^0,f,c
   253   002050  90D8               	bcf	status,0,c
   254   002052  360E               	rlcf	??_main^0,f,c
   255   002054  360F               	rlcf	(??_main+1)^0,f,c
   256   002056  0E04               	movlw	4
   257   002058  260E               	addwf	??_main^0,f,c
   258   00205A  0E00               	movlw	0
   259   00205C  220F               	addwfc	(??_main+1)^0,f,c
   260   00205E  C00E  F005         	movff	??_main,___lldiv@divisor
   261   002062  C00F  F006         	movff	??_main+1,___lldiv@divisor+1
   262   002066  0E00               	movlw	0
   263   002068  BE06               	btfsc	(___lldiv@divisor+1)^0,7,c
   264   00206A  0EFF               	movlw	-1
   265   00206C  6E07               	movwf	(___lldiv@divisor+2)^0,c
   266   00206E  6E08               	movwf	(___lldiv@divisor+3)^0,c
   267   002070  EC58  F010         	call	___lldiv	;wreg free
   268   002074  C001  F010         	movff	?___lldiv,_checkdutyCycle
   269   002078  C002  F011         	movff	?___lldiv+1,_checkdutyCycle+1
   270   00207C                     
   271                           ;newmain.c: 62:     preScale = ((T2CON >> 4) & (0x0F));
   272   00207C  38AC               	swapf	172,w,c	;volatile
   273   00207E  0B0F               	andlw	15
   274   002080  0B0F               	andlw	15
   275   002082  6E13               	movwf	_preScale^0,c
   276   002084                     l955:
   277                           
   278                           ;newmain.c: 65:         pwmStatus = PWM2_OutputStatusGet();
   279   002084  ECEB  F010         	call	_PWM2_OutputStatusGet	;wreg free
   280   002088  6E12               	movwf	_pwmStatus^0,c
   281   00208A                     
   282                           ;newmain.c: 66:         PORTBbits.RB2 = pwmStatus;
   283   00208A  B012               	btfsc	_pwmStatus^0,0,c
   284   00208C  D002               	bra	u145
   285   00208E  94CB               	bcf	203,2,c	;volatile
   286   002090  D001               	bra	u146
   287   002092                     u145:
   288   002092  84CB               	bsf	203,2,c	;volatile
   289   002094                     u146:
   290   002094                     
   291                           ;newmain.c: 68:         if (PIR4bits.TMR2IF == 1) {
   292   002094  0139               	movlb	57	; () banked
   293   002096  A5A4               	btfss	164,2,b	;volatile
   294   002098  EF50  F010         	goto	u151
   295   00209C  EF52  F010         	goto	u150
   296   0020A0                     u151:
   297   0020A0  EF42  F010         	goto	l955
   298   0020A4                     u150:
   299   0020A4                     
   300                           ; BSR set to: 57
   301                           ;newmain.c: 69:             PIR4bits.TMR2IF = 0;
   302   0020A4  95A4               	bcf	164,2,b	;volatile
   303   0020A6                     
   304                           ; BSR set to: 57
   305                           ;newmain.c: 70:             PORTBbits.RB0 ^= 1;
   306   0020A6  70CB               	btg	203,0,c	;volatile
   307   0020A8  EF42  F010         	goto	l955
   308   0020AC  EFFE  F0FF         	goto	start
   309   0020B0                     __end_of_main:
   310                           	callstack 0
   311                           
   312 ;; *************** function ___lldiv *****************
   313 ;; Defined at:
   314 ;;		line 7 in file "C:\Program Files\Microchip\xc8\v2.46\pic\sources\c99\common\__lldiv.c"
   315 ;; Parameters:    Size  Location     Type
   316 ;;  dividend        4    0[COMRAM] unsigned long 
   317 ;;  divisor         4    4[COMRAM] unsigned long 
   318 ;; Auto vars:     Size  Location     Type
   319 ;;  quotient        4    8[COMRAM] unsigned long 
   320 ;;  counter         1   12[COMRAM] unsigned char 
   321 ;; Return value:  Size  Location     Type
   322 ;;                  4    0[COMRAM] unsigned long 
   323 ;; Registers used:
   324 ;;		wreg, status,2, status,0
   325 ;; Tracked objects:
   326 ;;		On entry : 0/0
   327 ;;		On exit  : 0/0
   328 ;;		Unchanged: 0/0
   329 ;; Data sizes:     COMRAM   BANK0   BANK1   BANK2   BANK3   BANK4   BANK5   BANK6   BANK7   BANK8   BANK9  BANK10  BANK1
      +1  BANK12  BANK13  BANK14  BANK15  BANK16  BANK17  BANK18  BANK19  BANK20  BANK21  BANK22  BANK23  BANK24  BANK25  BANK2
      +6  BANK27  BANK28  BANK29  BANK30  BANK31
   330 ;;      Params:         8       0       0       0       0       0       0       0       0       0       0       0       
      +0       0       0       0       0       0       0       0       0       0       0       0       0       0       0       
      +0       0       0       0       0       0
   331 ;;      Locals:         5       0       0       0       0       0       0       0       0       0       0       0       
      +0       0       0       0       0       0       0       0       0       0       0       0       0       0       0       
      +0       0       0       0       0       0
   332 ;;      Temps:          0       0       0       0       0       0       0       0       0       0       0       0       
      +0       0       0       0       0       0       0       0       0       0       0       0       0       0       0       
      +0       0       0       0       0       0
   333 ;;      Totals:        13       0       0       0       0       0       0       0       0       0       0       0       
      +0       0       0       0       0       0       0       0       0       0       0       0       0       0       0       
      +0       0       0       0       0       0
   334 ;;Total ram usage:       13 bytes
   335 ;; Hardware stack levels used: 1
   336 ;; This function calls:
   337 ;;		Nothing
   338 ;; This function is called by:
   339 ;;		_main
   340 ;; This function uses a non-reentrant model
   341 ;;
   342                           
   343                           	psect	text1
   344   0020B0                     __ptext1:
   345                           	callstack 0
   346   0020B0                     ___lldiv:
   347                           	callstack 30
   348   0020B0  0E00               	movlw	0
   349   0020B2  6E09               	movwf	___lldiv@quotient^0,c
   350   0020B4  0E00               	movlw	0
   351   0020B6  6E0A               	movwf	(___lldiv@quotient+1)^0,c
   352   0020B8  0E00               	movlw	0
   353   0020BA  6E0B               	movwf	(___lldiv@quotient+2)^0,c
   354   0020BC  0E00               	movlw	0
   355   0020BE  6E0C               	movwf	(___lldiv@quotient+3)^0,c
   356   0020C0  5005               	movf	___lldiv@divisor^0,w,c
   357   0020C2  1006               	iorwf	(___lldiv@divisor+1)^0,w,c
   358   0020C4  1007               	iorwf	(___lldiv@divisor+2)^0,w,c
   359   0020C6  1008               	iorwf	(___lldiv@divisor+3)^0,w,c
   360   0020C8  B4D8               	btfsc	status,2,c
   361   0020CA  EF69  F010         	goto	u111
   362   0020CE  EF6B  F010         	goto	u110
   363   0020D2                     u111:
   364   0020D2  EFA1  F010         	goto	l145
   365   0020D6                     u110:
   366   0020D6  0E01               	movlw	1
   367   0020D8  6E0D               	movwf	___lldiv@counter^0,c
   368   0020DA  EF75  F010         	goto	l925
   369   0020DE                     l923:
   370   0020DE  90D8               	bcf	status,0,c
   371   0020E0  3605               	rlcf	___lldiv@divisor^0,f,c
   372   0020E2  3606               	rlcf	(___lldiv@divisor+1)^0,f,c
   373   0020E4  3607               	rlcf	(___lldiv@divisor+2)^0,f,c
   374   0020E6  3608               	rlcf	(___lldiv@divisor+3)^0,f,c
   375   0020E8  2A0D               	incf	___lldiv@counter^0,f,c
   376   0020EA                     l925:
   377   0020EA  AE08               	btfss	(___lldiv@divisor+3)^0,7,c
   378   0020EC  EF7A  F010         	goto	u121
   379   0020F0  EF7C  F010         	goto	u120
   380   0020F4                     u121:
   381   0020F4  EF6F  F010         	goto	l923
   382   0020F8                     u120:
   383   0020F8                     l927:
   384   0020F8  90D8               	bcf	status,0,c
   385   0020FA  3609               	rlcf	___lldiv@quotient^0,f,c
   386   0020FC  360A               	rlcf	(___lldiv@quotient+1)^0,f,c
   387   0020FE  360B               	rlcf	(___lldiv@quotient+2)^0,f,c
   388   002100  360C               	rlcf	(___lldiv@quotient+3)^0,f,c
   389   002102  5005               	movf	___lldiv@divisor^0,w,c
   390   002104  5C01               	subwf	___lldiv@dividend^0,w,c
   391   002106  5006               	movf	(___lldiv@divisor+1)^0,w,c
   392   002108  5802               	subwfb	(___lldiv@dividend+1)^0,w,c
   393   00210A  5007               	movf	(___lldiv@divisor+2)^0,w,c
   394   00210C  5803               	subwfb	(___lldiv@dividend+2)^0,w,c
   395   00210E  5008               	movf	(___lldiv@divisor+3)^0,w,c
   396   002110  5804               	subwfb	(___lldiv@dividend+3)^0,w,c
   397   002112  A0D8               	btfss	status,0,c
   398   002114  EF8E  F010         	goto	u131
   399   002118  EF90  F010         	goto	u130
   400   00211C                     u131:
   401   00211C  EF99  F010         	goto	l935
   402   002120                     u130:
   403   002120  5005               	movf	___lldiv@divisor^0,w,c
   404   002122  5E01               	subwf	___lldiv@dividend^0,f,c
   405   002124  5006               	movf	(___lldiv@divisor+1)^0,w,c
   406   002126  5A02               	subwfb	(___lldiv@dividend+1)^0,f,c
   407   002128  5007               	movf	(___lldiv@divisor+2)^0,w,c
   408   00212A  5A03               	subwfb	(___lldiv@dividend+2)^0,f,c
   409   00212C  5008               	movf	(___lldiv@divisor+3)^0,w,c
   410   00212E  5A04               	subwfb	(___lldiv@dividend+3)^0,f,c
   411   002130  8009               	bsf	___lldiv@quotient^0,0,c
   412   002132                     l935:
   413   002132  90D8               	bcf	status,0,c
   414   002134  3208               	rrcf	(___lldiv@divisor+3)^0,f,c
   415   002136  3207               	rrcf	(___lldiv@divisor+2)^0,f,c
   416   002138  3206               	rrcf	(___lldiv@divisor+1)^0,f,c
   417   00213A  3205               	rrcf	___lldiv@divisor^0,f,c
   418   00213C  2E0D               	decfsz	___lldiv@counter^0,f,c
   419   00213E  EF7C  F010         	goto	l927
   420   002142                     l145:
   421   002142  C009  F001         	movff	___lldiv@quotient,?___lldiv
   422   002146  C00A  F002         	movff	___lldiv@quotient+1,?___lldiv+1
   423   00214A  C00B  F003         	movff	___lldiv@quotient+2,?___lldiv+2
   424   00214E  C00C  F004         	movff	___lldiv@quotient+3,?___lldiv+3
   425   002152  0012               	return		;funcret
   426   002154                     __end_of___lldiv:
   427                           	callstack 0
   428                           
   429 ;; *************** function _TMR2_StartTimer *****************
   430 ;; Defined at:
   431 ;;		line 74 in file "./PWM.h"
   432 ;; Parameters:    Size  Location     Type
   433 ;;		None
   434 ;; Auto vars:     Size  Location     Type
   435 ;;		None
   436 ;; Return value:  Size  Location     Type
   437 ;;                  1    wreg      void 
   438 ;; Registers used:
   439 ;;		cstack
   440 ;; Tracked objects:
   441 ;;		On entry : 0/0
   442 ;;		On exit  : 0/0
   443 ;;		Unchanged: 0/0
   444 ;; Data sizes:     COMRAM   BANK0   BANK1   BANK2   BANK3   BANK4   BANK5   BANK6   BANK7   BANK8   BANK9  BANK10  BANK1
      +1  BANK12  BANK13  BANK14  BANK15  BANK16  BANK17  BANK18  BANK19  BANK20  BANK21  BANK22  BANK23  BANK24  BANK25  BANK2
      +6  BANK27  BANK28  BANK29  BANK30  BANK31
   445 ;;      Params:         0       0       0       0       0       0       0       0       0       0       0       0       
      +0       0       0       0       0       0       0       0       0       0       0       0       0       0       0       
      +0       0       0       0       0       0
   446 ;;      Locals:         0       0       0       0       0       0       0       0       0       0       0       0       
      +0       0       0       0       0       0       0       0       0       0       0       0       0       0       0       
      +0       0       0       0       0       0
   447 ;;      Temps:          0       0       0       0       0       0       0       0       0       0       0       0       
      +0       0       0       0       0       0       0       0       0       0       0       0       0       0       0       
      +0       0       0       0       0       0
   448 ;;      Totals:         0       0       0       0       0       0       0       0       0       0       0       0       
      +0       0       0       0       0       0       0       0       0       0       0       0       0       0       0       
      +0       0       0       0       0       0
   449 ;;Total ram usage:        0 bytes
   450 ;; Hardware stack levels used: 1
   451 ;; Hardware stack levels required when called: 1
   452 ;; This function calls:
   453 ;;		_TMR2_Start
   454 ;; This function is called by:
   455 ;;		_main
   456 ;; This function uses a non-reentrant model
   457 ;;
   458                           
   459                           	psect	text2
   460   0021F8                     __ptext2:
   461                           	callstack 0
   462   0021F8                     _TMR2_StartTimer:
   463                           	callstack 29
   464   0021F8                     
   465                           ;./PWM.h: 76:     TMR2_Start();
   466   0021F8  ECFF  F010         	call	_TMR2_Start	;wreg free
   467   0021FC  0012               	return		;funcret
   468   0021FE                     __end_of_TMR2_StartTimer:
   469                           	callstack 0
   470                           
   471 ;; *************** function _TMR2_Start *****************
   472 ;; Defined at:
   473 ;;		line 68 in file "./PWM.h"
   474 ;; Parameters:    Size  Location     Type
   475 ;;		None
   476 ;; Auto vars:     Size  Location     Type
   477 ;;		None
   478 ;; Return value:  Size  Location     Type
   479 ;;                  1    wreg      void 
   480 ;; Registers used:
   481 ;;		None
   482 ;; Tracked objects:
   483 ;;		On entry : 0/0
   484 ;;		On exit  : 0/0
   485 ;;		Unchanged: 0/0
   486 ;; Data sizes:     COMRAM   BANK0   BANK1   BANK2   BANK3   BANK4   BANK5   BANK6   BANK7   BANK8   BANK9  BANK10  BANK1
      +1  BANK12  BANK13  BANK14  BANK15  BANK16  BANK17  BANK18  BANK19  BANK20  BANK21  BANK22  BANK23  BANK24  BANK25  BANK2
      +6  BANK27  BANK28  BANK29  BANK30  BANK31
   487 ;;      Params:         0       0       0       0       0       0       0       0       0       0       0       0       
      +0       0       0       0       0       0       0       0       0       0       0       0       0       0       0       
      +0       0       0       0       0       0
   488 ;;      Locals:         0       0       0       0       0       0       0       0       0       0       0       0       
      +0       0       0       0       0       0       0       0       0       0       0       0       0       0       0       
      +0       0       0       0       0       0
   489 ;;      Temps:          0       0       0       0       0       0       0       0       0       0       0       0       
      +0       0       0       0       0       0       0       0       0       0       0       0       0       0       0       
      +0       0       0       0       0       0
   490 ;;      Totals:         0       0       0       0       0       0       0       0       0       0       0       0       
      +0       0       0       0       0       0       0       0       0       0       0       0       0       0       0       
      +0       0       0       0       0       0
   491 ;;Total ram usage:        0 bytes
   492 ;; Hardware stack levels used: 1
   493 ;; This function calls:
   494 ;;		Nothing
   495 ;; This function is called by:
   496 ;;		_TMR2_StartTimer
   497 ;; This function uses a non-reentrant model
   498 ;;
   499                           
   500                           	psect	text3
   501   0021FE                     __ptext3:
   502                           	callstack 0
   503   0021FE                     _TMR2_Start:
   504                           	callstack 29
   505   0021FE                     
   506                           ;./PWM.h: 71:     T2CONbits.TMR2ON = 1;
   507   0021FE  8EAC               	bsf	172,7,c	;volatile
   508   002200  0012               	return		;funcret
   509   002202                     __end_of_TMR2_Start:
   510                           	callstack 0
   511                           
   512 ;; *************** function _TMR2_Initialize *****************
   513 ;; Defined at:
   514 ;;		line 30 in file "./PWM.h"
   515 ;; Parameters:    Size  Location     Type
   516 ;;		None
   517 ;; Auto vars:     Size  Location     Type
   518 ;;		None
   519 ;; Return value:  Size  Location     Type
   520 ;;                  1    wreg      void 
   521 ;; Registers used:
   522 ;;		wreg, status,2
   523 ;; Tracked objects:
   524 ;;		On entry : 0/0
   525 ;;		On exit  : 0/0
   526 ;;		Unchanged: 0/0
   527 ;; Data sizes:     COMRAM   BANK0   BANK1   BANK2   BANK3   BANK4   BANK5   BANK6   BANK7   BANK8   BANK9  BANK10  BANK1
      +1  BANK12  BANK13  BANK14  BANK15  BANK16  BANK17  BANK18  BANK19  BANK20  BANK21  BANK22  BANK23  BANK24  BANK25  BANK2
      +6  BANK27  BANK28  BANK29  BANK30  BANK31
   528 ;;      Params:         0       0       0       0       0       0       0       0       0       0       0       0       
      +0       0       0       0       0       0       0       0       0       0       0       0       0       0       0       
      +0       0       0       0       0       0
   529 ;;      Locals:         0       0       0       0       0       0       0       0       0       0       0       0       
      +0       0       0       0       0       0       0       0       0       0       0       0       0       0       0       
      +0       0       0       0       0       0
   530 ;;      Temps:          0       0       0       0       0       0       0       0       0       0       0       0       
      +0       0       0       0       0       0       0       0       0       0       0       0       0       0       0       
      +0       0       0       0       0       0
   531 ;;      Totals:         0       0       0       0       0       0       0       0       0       0       0       0       
      +0       0       0       0       0       0       0       0       0       0       0       0       0       0       0       
      +0       0       0       0       0       0
   532 ;;Total ram usage:        0 bytes
   533 ;; Hardware stack levels used: 1
   534 ;; This function calls:
   535 ;;		Nothing
   536 ;; This function is called by:
   537 ;;		_main
   538 ;; This function uses a non-reentrant model
   539 ;;
   540                           
   541                           	psect	text4
   542   002184                     __ptext4:
   543                           	callstack 0
   544   002184                     _TMR2_Initialize:
   545                           	callstack 30
   546   002184                     
   547                           ;./PWM.h: 35:     T2CLKCON = 0x01;
   548   002184  0E01               	movlw	1
   549   002186  6EAE               	movwf	174,c	;volatile
   550                           
   551                           ;./PWM.h: 38:     T2HLT = 0x00;
   552   002188  0E00               	movlw	0
   553   00218A  6EAD               	movwf	173,c	;volatile
   554                           
   555                           ;./PWM.h: 41:     T2RST = 0x00;
   556   00218C  0E00               	movlw	0
   557   00218E  6EAF               	movwf	175,c	;volatile
   558                           
   559                           ;./PWM.h: 44:     T2PR = 0x9D;
   560   002190  0E9D               	movlw	157
   561   002192  6EAB               	movwf	171,c	;volatile
   562                           
   563                           ;./PWM.h: 47:     T2TMR = 0x08;
   564   002194  0E08               	movlw	8
   565   002196  6EAA               	movwf	170,c	;volatile
   566   002198                     
   567                           ;./PWM.h: 50:     PIR4bits.TMR2IF = 0;
   568   002198  0139               	movlb	57	; () banked
   569   00219A  95A4               	bcf	164,2,b	;volatile
   570                           
   571                           ;./PWM.h: 53:     T2CON = 0xF0;
   572   00219C  0EF0               	movlw	240
   573   00219E  6EAC               	movwf	172,c	;volatile
   574   0021A0                     
   575                           ; BSR set to: 57
   576   0021A0  0012               	return		;funcret
   577   0021A2                     __end_of_TMR2_Initialize:
   578                           	callstack 0
   579                           
   580 ;; *************** function _PWM_Output_D8_Enable *****************
   581 ;; Defined at:
   582 ;;		line 142 in file "./PWM.h"
   583 ;; Parameters:    Size  Location     Type
   584 ;;		None
   585 ;; Auto vars:     Size  Location     Type
   586 ;;		None
   587 ;; Return value:  Size  Location     Type
   588 ;;                  1    wreg      void 
   589 ;; Registers used:
   590 ;;		wreg, status,2
   591 ;; Tracked objects:
   592 ;;		On entry : 0/0
   593 ;;		On exit  : 0/0
   594 ;;		Unchanged: 0/0
   595 ;; Data sizes:     COMRAM   BANK0   BANK1   BANK2   BANK3   BANK4   BANK5   BANK6   BANK7   BANK8   BANK9  BANK10  BANK1
      +1  BANK12  BANK13  BANK14  BANK15  BANK16  BANK17  BANK18  BANK19  BANK20  BANK21  BANK22  BANK23  BANK24  BANK25  BANK2
      +6  BANK27  BANK28  BANK29  BANK30  BANK31
   596 ;;      Params:         0       0       0       0       0       0       0       0       0       0       0       0       
      +0       0       0       0       0       0       0       0       0       0       0       0       0       0       0       
      +0       0       0       0       0       0
   597 ;;      Locals:         0       0       0       0       0       0       0       0       0       0       0       0       
      +0       0       0       0       0       0       0       0       0       0       0       0       0       0       0       
      +0       0       0       0       0       0
   598 ;;      Temps:          0       0       0       0       0       0       0       0       0       0       0       0       
      +0       0       0       0       0       0       0       0       0       0       0       0       0       0       0       
      +0       0       0       0       0       0
   599 ;;      Totals:         0       0       0       0       0       0       0       0       0       0       0       0       
      +0       0       0       0       0       0       0       0       0       0       0       0       0       0       0       
      +0       0       0       0       0       0
   600 ;;Total ram usage:        0 bytes
   601 ;; Hardware stack levels used: 1
   602 ;; This function calls:
   603 ;;		Nothing
   604 ;; This function is called by:
   605 ;;		_main
   606 ;; This function uses a non-reentrant model
   607 ;;
   608                           
   609                           	psect	text5
   610   0021A2                     __ptext5:
   611                           	callstack 0
   612   0021A2                     _PWM_Output_D8_Enable:
   613                           	callstack 30
   614   0021A2                     
   615                           ;./PWM.h: 143:     PPSLOCK = 0x55;
   616   0021A2  0E55               	movlw	85
   617   0021A4  013A               	movlb	58	; () banked
   618   0021A6  6FBF               	movwf	191,b	;volsfr
   619                           
   620                           ;./PWM.h: 144:     PPSLOCK = 0xAA;
   621   0021A8  0EAA               	movlw	170
   622   0021AA  6FBF               	movwf	191,b	;volsfr
   623   0021AC                     
   624                           ; BSR set to: 58
   625                           ;./PWM.h: 145:     PPSLOCKbits.PPSLOCKED = 0x00;
   626   0021AC  91BF               	bcf	191,0,b	;volsfr
   627                           
   628                           ;./PWM.h: 148:     RB3PPS = 0x0A;
   629   0021AE  0E0A               	movlw	10
   630   0021B0  6F0B               	movwf	11,b	;volatile
   631                           
   632                           ;./PWM.h: 150:     PPSLOCK = 0x55;
   633   0021B2  0E55               	movlw	85
   634   0021B4  6FBF               	movwf	191,b	;volsfr
   635                           
   636                           ;./PWM.h: 151:     PPSLOCK = 0xAA;
   637   0021B6  0EAA               	movlw	170
   638   0021B8  6FBF               	movwf	191,b	;volsfr
   639   0021BA                     
   640                           ; BSR set to: 58
   641                           ;./PWM.h: 152:     PPSLOCKbits.PPSLOCKED = 0x01;
   642   0021BA  81BF               	bsf	191,0,b	;volsfr
   643   0021BC                     
   644                           ; BSR set to: 58
   645   0021BC  0012               	return		;funcret
   646   0021BE                     __end_of_PWM_Output_D8_Enable:
   647                           	callstack 0
   648                           
   649 ;; *************** function _PWM2_OutputStatusGet *****************
   650 ;; Defined at:
   651 ;;		line 205 in file "./PWM.h"
   652 ;; Parameters:    Size  Location     Type
   653 ;;		None
   654 ;; Auto vars:     Size  Location     Type
   655 ;;		None
   656 ;; Return value:  Size  Location     Type
   657 ;;                  1    wreg      _Bool 
   658 ;; Registers used:
   659 ;;		wreg
   660 ;; Tracked objects:
   661 ;;		On entry : 0/0
   662 ;;		On exit  : 0/0
   663 ;;		Unchanged: 0/0
   664 ;; Data sizes:     COMRAM   BANK0   BANK1   BANK2   BANK3   BANK4   BANK5   BANK6   BANK7   BANK8   BANK9  BANK10  BANK1
      +1  BANK12  BANK13  BANK14  BANK15  BANK16  BANK17  BANK18  BANK19  BANK20  BANK21  BANK22  BANK23  BANK24  BANK25  BANK2
      +6  BANK27  BANK28  BANK29  BANK30  BANK31
   665 ;;      Params:         0       0       0       0       0       0       0       0       0       0       0       0       
      +0       0       0       0       0       0       0       0       0       0       0       0       0       0       0       
      +0       0       0       0       0       0
   666 ;;      Locals:         0       0       0       0       0       0       0       0       0       0       0       0       
      +0       0       0       0       0       0       0       0       0       0       0       0       0       0       0       
      +0       0       0       0       0       0
   667 ;;      Temps:          0       0       0       0       0       0       0       0       0       0       0       0       
      +0       0       0       0       0       0       0       0       0       0       0       0       0       0       0       
      +0       0       0       0       0       0
   668 ;;      Totals:         0       0       0       0       0       0       0       0       0       0       0       0       
      +0       0       0       0       0       0       0       0       0       0       0       0       0       0       0       
      +0       0       0       0       0       0
   669 ;;Total ram usage:        0 bytes
   670 ;; Hardware stack levels used: 1
   671 ;; This function calls:
   672 ;;		Nothing
   673 ;; This function is called by:
   674 ;;		_main
   675 ;; This function uses a non-reentrant model
   676 ;;
   677                           
   678                           	psect	text6
   679   0021D6                     __ptext6:
   680                           	callstack 0
   681   0021D6                     _PWM2_OutputStatusGet:
   682                           	callstack 30
   683   0021D6                     
   684                           ;./PWM.h: 208:     return(CCP2CONbits.OUT);
   685   0021D6  BA7A               	btfsc	122,5,c	;volatile
   686   0021D8  EFF0  F010         	goto	u31
   687   0021DC  EFF3  F010         	goto	u30
   688   0021E0                     u31:
   689   0021E0  0E01               	movlw	1
   690   0021E2  EFF4  F010         	goto	u36
   691   0021E6                     u30:
   692   0021E6  0E00               	movlw	0
   693   0021E8                     u36:
   694   0021E8  0012               	return		;funcret
   695   0021EA                     __end_of_PWM2_OutputStatusGet:
   696                           	callstack 0
   697                           
   698 ;; *************** function _PWM2_LoadDutyValue *****************
   699 ;; Defined at:
   700 ;;		line 187 in file "./PWM.h"
   701 ;; Parameters:    Size  Location     Type
   702 ;;  dutyValue       2    0[COMRAM] unsigned short 
   703 ;; Auto vars:     Size  Location     Type
   704 ;;		None
   705 ;; Return value:  Size  Location     Type
   706 ;;                  1    wreg      void 
   707 ;; Registers used:
   708 ;;		wreg, status,2, status,0
   709 ;; Tracked objects:
   710 ;;		On entry : 0/0
   711 ;;		On exit  : 0/0
   712 ;;		Unchanged: 0/0
   713 ;; Data sizes:     COMRAM   BANK0   BANK1   BANK2   BANK3   BANK4   BANK5   BANK6   BANK7   BANK8   BANK9  BANK10  BANK1
      +1  BANK12  BANK13  BANK14  BANK15  BANK16  BANK17  BANK18  BANK19  BANK20  BANK21  BANK22  BANK23  BANK24  BANK25  BANK2
      +6  BANK27  BANK28  BANK29  BANK30  BANK31
   714 ;;      Params:         2       0       0       0       0       0       0       0       0       0       0       0       
      +0       0       0       0       0       0       0       0       0       0       0       0       0       0       0       
      +0       0       0       0       0       0
   715 ;;      Locals:         0       0       0       0       0       0       0       0       0       0       0       0       
      +0       0       0       0       0       0       0       0       0       0       0       0       0       0       0       
      +0       0       0       0       0       0
   716 ;;      Temps:          0       0       0       0       0       0       0       0       0       0       0       0       
      +0       0       0       0       0       0       0       0       0       0       0       0       0       0       0       
      +0       0       0       0       0       0
   717 ;;      Totals:         2       0       0       0       0       0       0       0       0       0       0       0       
      +0       0       0       0       0       0       0       0       0       0       0       0       0       0       0       
      +0       0       0       0       0       0
   718 ;;Total ram usage:        2 bytes
   719 ;; Hardware stack levels used: 1
   720 ;; This function calls:
   721 ;;		Nothing
   722 ;; This function is called by:
   723 ;;		_main
   724 ;; This function uses a non-reentrant model
   725 ;;
   726                           
   727                           	psect	text7
   728   002154                     __ptext7:
   729                           	callstack 0
   730   002154                     _PWM2_LoadDutyValue:
   731                           	callstack 30
   732   002154                     
   733                           ;./PWM.h: 187: void PWM2_LoadDutyValue(uint16_t dutyValue);./PWM.h: 188: {;./PWM.h: 189:
      +                               dutyValue &= 0x03FF;
   734   002154  0EFF               	movlw	255
   735   002156  1601               	andwf	PWM2_LoadDutyValue@dutyValue^0,f,c
   736   002158  0E03               	movlw	3
   737   00215A  1602               	andwf	(PWM2_LoadDutyValue@dutyValue+1)^0,f,c
   738   00215C                     
   739                           ;./PWM.h: 192:     if(CCP2CONbits.FMT)
   740   00215C  A87A               	btfss	122,4,c	;volatile
   741   00215E  EFB3  F010         	goto	u91
   742   002162  EFB5  F010         	goto	u90
   743   002166                     u91:
   744   002166  EFBC  F010         	goto	l909
   745   00216A                     u90:
   746   00216A                     
   747                           ;./PWM.h: 193:     {;./PWM.h: 194:         dutyValue <<= 6;
   748   00216A  0E06               	movlw	6
   749   00216C                     u105:
   750   00216C  90D8               	bcf	status,0,c
   751   00216E  3601               	rlcf	PWM2_LoadDutyValue@dutyValue^0,f,c
   752   002170  3602               	rlcf	(PWM2_LoadDutyValue@dutyValue+1)^0,f,c
   753   002172  2EE8               	decfsz	wreg,f,c
   754   002174  EFB6  F010         	goto	u105
   755   002178                     l909:
   756                           
   757                           ;./PWM.h: 195:         CCPR2H = dutyValue >> 8;
   758   002178  5002               	movf	(PWM2_LoadDutyValue@dutyValue+1)^0,w,c
   759   00217A  6E79               	movwf	121,c	;volatile
   760   00217C                     
   761                           ;./PWM.h: 196:         CCPR2L = dutyValue;
   762   00217C  0060  F007  FF78   	movff	PWM2_LoadDutyValue@dutyValue,16248	;volatile
   763   002182  0012               	return		;funcret
   764   002184                     __end_of_PWM2_LoadDutyValue:
   765                           	callstack 0
   766                           
   767 ;; *************** function _PWM2_Initialize *****************
   768 ;; Defined at:
   769 ;;		line 170 in file "./PWM.h"
   770 ;; Parameters:    Size  Location     Type
   771 ;;		None
   772 ;; Auto vars:     Size  Location     Type
   773 ;;		None
   774 ;; Return value:  Size  Location     Type
   775 ;;                  1    wreg      void 
   776 ;; Registers used:
   777 ;;		wreg, status,2
   778 ;; Tracked objects:
   779 ;;		On entry : 0/0
   780 ;;		On exit  : 0/0
   781 ;;		Unchanged: 0/0
   782 ;; Data sizes:     COMRAM   BANK0   BANK1   BANK2   BANK3   BANK4   BANK5   BANK6   BANK7   BANK8   BANK9  BANK10  BANK1
      +1  BANK12  BANK13  BANK14  BANK15  BANK16  BANK17  BANK18  BANK19  BANK20  BANK21  BANK22  BANK23  BANK24  BANK25  BANK2
      +6  BANK27  BANK28  BANK29  BANK30  BANK31
   783 ;;      Params:         0       0       0       0       0       0       0       0       0       0       0       0       
      +0       0       0       0       0       0       0       0       0       0       0       0       0       0       0       
      +0       0       0       0       0       0
   784 ;;      Locals:         0       0       0       0       0       0       0       0       0       0       0       0       
      +0       0       0       0       0       0       0       0       0       0       0       0       0       0       0       
      +0       0       0       0       0       0
   785 ;;      Temps:          0       0       0       0       0       0       0       0       0       0       0       0       
      +0       0       0       0       0       0       0       0       0       0       0       0       0       0       0       
      +0       0       0       0       0       0
   786 ;;      Totals:         0       0       0       0       0       0       0       0       0       0       0       0       
      +0       0       0       0       0       0       0       0       0       0       0       0       0       0       0       
      +0       0       0       0       0       0
   787 ;;Total ram usage:        0 bytes
   788 ;; Hardware stack levels used: 1
   789 ;; This function calls:
   790 ;;		Nothing
   791 ;; This function is called by:
   792 ;;		_main
   793 ;; This function uses a non-reentrant model
   794 ;;
   795                           
   796                           	psect	text8
   797   0021BE                     __ptext8:
   798                           	callstack 0
   799   0021BE                     _PWM2_Initialize:
   800                           	callstack 30
   801   0021BE                     
   802                           ;./PWM.h: 175:  CCP2CON = 0x8C;
   803   0021BE  0E8C               	movlw	140
   804   0021C0  6E7A               	movwf	122,c	;volatile
   805                           
   806                           ;./PWM.h: 178:  CCPR2H = 0x1;
   807   0021C2  0E01               	movlw	1
   808   0021C4  6E79               	movwf	121,c	;volatile
   809                           
   810                           ;./PWM.h: 181:  CCPR2L = 0x99;
   811   0021C6  0E99               	movlw	153
   812   0021C8  6E78               	movwf	120,c	;volatile
   813                           
   814                           ;./PWM.h: 184:  CCPTMRS0bits.C2TSEL = 0x1;
   815   0021CA  013F               	movlb	63	; () banked
   816   0021CC  515E               	movf	94,w,b	;volatile
   817   0021CE  0BF3               	andlw	-13
   818   0021D0  0904               	iorlw	4
   819   0021D2  6F5E               	movwf	94,b	;volatile
   820   0021D4                     
   821                           ; BSR set to: 63
   822   0021D4  0012               	return		;funcret
   823   0021D6                     __end_of_PWM2_Initialize:
   824                           	callstack 0
   825                           
   826                           	psect	smallconst
   827   002000                     __psmallconst:
   828                           	callstack 0
   829   002000  00                 	db	0
   830   002001  00                 	db	0	; dummy byte at the end
   831   000000                     
   832                           	psect	rparam
   833   000000                     
   834                           	psect	config
   835                           
   836                           ;Config register CONFIG1L @ 0x300000
   837                           ;	External Oscillator Selection
   838                           ;	FEXTOSC = LP, LP (crystal oscillator) optimized for 32.768 kHz; PFM set to low power
   839                           ;	Reset Oscillator Selection
   840                           ;	RSTOSC = EXTOSC, EXTOSC operating per FEXTOSC bits (device manufacturing default)
   841   300000                     	org	3145728
   842   300000  F8                 	db	248
   843                           
   844                           ;Config register CONFIG1H @ 0x300001
   845                           ;	Clock out Enable bit
   846                           ;	CLKOUTEN = OFF, CLKOUT function is disabled
   847                           ;	PRLOCKED One-Way Set Enable bit
   848                           ;	PR1WAY = ON, PRLOCK bit can be cleared and set only once
   849                           ;	Clock Switch Enable bit
   850                           ;	CSWEN = ON, Writing to NOSC and NDIV is allowed
   851                           ;	Fail-Safe Clock Monitor Enable bit
   852                           ;	FCMEN = ON, Fail-Safe Clock Monitor enabled
   853   300001                     	org	3145729
   854   300001  FF                 	db	255
   855                           
   856                           ;Config register CONFIG2L @ 0x300002
   857                           ;	MCLR Enable bit
   858                           ;	MCLRE = EXTMCLR, If LVP = 0, MCLR pin is MCLR; If LVP = 1, RE3 pin function is MCLR
   859                           ;	Power-up timer selection bits
   860                           ;	PWRTS = PWRT_OFF, PWRT is disabled
   861                           ;	Multi-vector enable bit
   862                           ;	MVECEN = ON, Multi-vector enabled, Vector table used for interrupts
   863                           ;	IVTLOCK bit One-way set enable bit
   864                           ;	IVT1WAY = ON, IVTLOCK bit can be cleared and set only once
   865                           ;	Low Power BOR Enable bit
   866                           ;	LPBOREN = OFF, ULPBOR disabled
   867                           ;	Brown-out Reset Enable bits
   868                           ;	BOREN = SBORDIS, Brown-out Reset enabled , SBOREN bit is ignored
   869   300002                     	org	3145730
   870   300002  FF                 	db	255
   871                           
   872                           ;Config register CONFIG2H @ 0x300003
   873                           ;	Brown-out Reset Voltage Selection bits
   874                           ;	BORV = VBOR_2P45, Brown-out Reset Voltage (VBOR) set to 2.45V
   875                           ;	ZCD Disable bit
   876                           ;	ZCD = OFF, ZCD disabled. ZCD can be enabled by setting the ZCDSEN bit of ZCDCON
   877                           ;	PPSLOCK bit One-Way Set Enable bit
   878                           ;	PPS1WAY = ON, PPSLOCK bit can be cleared and set only once; PPS registers remain locke
      +                          d after one clear/set cycle
   879                           ;	Stack Full/Underflow Reset Enable bit
   880                           ;	STVREN = ON, Stack full/underflow will cause Reset
   881                           ;	Debugger Enable bit
   882                           ;	DEBUG = OFF, Background debugger disabled
   883                           ;	Extended Instruction Set Enable bit
   884                           ;	XINST = OFF, Extended Instruction Set and Indexed Addressing Mode disabled
   885   300003                     	org	3145731
   886   300003  FF                 	db	255
   887                           
   888                           ;Config register CONFIG3L @ 0x300004
   889                           ;	WDT Period selection bits
   890                           ;	WDTCPS = WDTCPS_31, Divider ratio 1:65536; software control of WDTPS
   891                           ;	WDT operating mode
   892                           ;	WDTE = OFF, WDT Disabled; SWDTEN is ignored
   893   300004                     	org	3145732
   894   300004  9F                 	db	159
   895                           
   896                           ;Config register CONFIG3H @ 0x300005
   897                           ;	WDT Window Select bits
   898                           ;	WDTCWS = WDTCWS_7, window always open (100%); software control; keyed access not requi
      +                          red
   899                           ;	WDT input clock selector
   900                           ;	WDTCCS = SC, Software Control
   901   300005                     	org	3145733
   902   300005  FF                 	db	255
   903                           
   904                           ;Config register CONFIG4L @ 0x300006
   905                           ;	Boot Block Size selection bits
   906                           ;	BBSIZE = BBSIZE_512, Boot Block size is 512 words
   907                           ;	Boot Block enable bit
   908                           ;	BBEN = OFF, Boot block disabled
   909                           ;	Storage Area Flash enable bit
   910                           ;	SAFEN = OFF, SAF disabled
   911                           ;	Application Block write protection bit
   912                           ;	WRTAPP = OFF, Application Block not write protected
   913   300006                     	org	3145734
   914   300006  FF                 	db	255
   915                           
   916                           ;Config register CONFIG4H @ 0x300007
   917                           ;	Boot Block Write Protection bit
   918                           ;	WRTB = OFF, Boot Block not write-protected
   919                           ;	Configuration Register Write Protection bit
   920                           ;	WRTC = OFF, Configuration registers not write-protected
   921                           ;	Data EEPROM Write Protection bit
   922                           ;	WRTD = OFF, Data EEPROM not write-protected
   923                           ;	SAF Write protection bit
   924                           ;	WRTSAF = OFF, SAF not Write Protected
   925                           ;	Low Voltage Programming Enable bit
   926                           ;	LVP = ON, Low voltage programming enabled. MCLR/VPP pin function is MCLR. MCLRE config
      +                          uration bit is ignored
   927   300007                     	org	3145735
   928   300007  FF                 	db	255
   929                           
   930                           ;Config register CONFIG5L @ 0x300008
   931                           ;	PFM and Data EEPROM Code Protection bit
   932                           ;	CP = OFF, PFM and Data EEPROM code protection disabled
   933   300008                     	org	3145736
   934   300008  FF                 	db	255
   935                           
   936                           ;Config register CONFIG5H @ 0x300009
   937                           ;	unspecified, using default values
   938   300009                     	org	3145737
   939   300009  FF                 	db	255
   940                           tosu	equ	0x3FFF
   941                           tosh	equ	0x3FFE
   942                           tosl	equ	0x3FFD
   943                           stkptr	equ	0x3FFC
   944                           pclatu	equ	0x3FFB
   945                           pclath	equ	0x3FFA
   946                           pcl	equ	0x3FF9
   947                           tblptru	equ	0x3FF8
   948                           tblptrh	equ	0x3FF7
   949                           tblptrl	equ	0x3FF6
   950                           tablat	equ	0x3FF5
   951                           prodh	equ	0x3FF4
   952                           prodl	equ	0x3FF3
   953                           indf0	equ	0x3FEF
   954                           postinc0	equ	0x3FEE
   955                           postdec0	equ	0x3FED
   956                           preinc0	equ	0x3FEC
   957                           plusw0	equ	0x3FEB
   958                           fsr0h	equ	0x3FEA
   959                           fsr0l	equ	0x3FE9
   960                           wreg	equ	0x3FE8
   961                           indf1	equ	0x3FE7
   962                           postinc1	equ	0x3FE6
   963                           postdec1	equ	0x3FE5
   964                           preinc1	equ	0x3FE4
   965                           plusw1	equ	0x3FE3
   966                           fsr1h	equ	0x3FE2
   967                           fsr1l	equ	0x3FE1
   968                           bsr	equ	0x3FE0
   969                           indf2	equ	0x3FDF
   970                           postinc2	equ	0x3FDE
   971                           postdec2	equ	0x3FDD
   972                           preinc2	equ	0x3FDC
   973                           plusw2	equ	0x3FDB
   974                           fsr2h	equ	0x3FDA
   975                           fsr2l	equ	0x3FD9
   976                           status	equ	0x3FD8

Data Sizes:
    Strings     0
    Constant    0
    Data        0
    BSS         4
    Persistent  0
    Stack       0

Auto Spaces:
    Space          Size  Autos    Used
    COMRAM           95     15      19
    BANK0           160      0       0
    BANK1           256      0       0
    BANK2           256      0       0
    BANK3           256      0       0
    BANK4           256      0       0
    BANK5           256      0       0
    BANK6           256      0       0
    BANK7           256      0       0
    BANK8           256      0       0
    BANK9           256      0       0
    BANK10          256      0       0
    BANK11          256      0       0
    BANK12          256      0       0
    BANK13          256      0       0
    BANK14          256      0       0
    BANK15          256      0       0
    BANK16          256      0       0
    BANK17          256      0       0
    BANK18          256      0       0
    BANK19          256      0       0
    BANK20          256      0       0
    BANK21          256      0       0
    BANK22          256      0       0
    BANK23          256      0       0
    BANK24          256      0       0
    BANK25          256      0       0
    BANK26          256      0       0
    BANK27          256      0       0
    BANK28          256      0       0
    BANK29          256      0       0
    BANK30          256      0       0
    BANK31          256      0       0

Pointer List with Targets:

    None.

Critical Paths under _main in COMRAM

    _main->___lldiv

Critical Paths under _main in BANK0

    None.

Critical Paths under _main in BANK1

    None.

Critical Paths under _main in BANK2

    None.

Critical Paths under _main in BANK3

    None.

Critical Paths under _main in BANK4

    None.

Critical Paths under _main in BANK5

    None.

Critical Paths under _main in BANK6

    None.

Critical Paths under _main in BANK7

    None.

Critical Paths under _main in BANK8

    None.

Critical Paths under _main in BANK9

    None.

Critical Paths under _main in BANK10

    None.

Critical Paths under _main in BANK11

    None.

Critical Paths under _main in BANK12

    None.

Critical Paths under _main in BANK13

    None.

Critical Paths under _main in BANK14

    None.

Critical Paths under _main in BANK15

    None.

Critical Paths under _main in BANK16

    None.

Critical Paths under _main in BANK17

    None.

Critical Paths under _main in BANK18

    None.

Critical Paths under _main in BANK19

    None.

Critical Paths under _main in BANK20

    None.

Critical Paths under _main in BANK21

    None.

Critical Paths under _main in BANK22

    None.

Critical Paths under _main in BANK23

    None.

Critical Paths under _main in BANK24

    None.

Critical Paths under _main in BANK25

    None.

Critical Paths under _main in BANK26

    None.

Critical Paths under _main in BANK27

    None.

Critical Paths under _main in BANK28

    None.

Critical Paths under _main in BANK29

    None.

Critical Paths under _main in BANK30

    None.

Critical Paths under _main in BANK31

    None.

Call Graph Tables:

 ---------------------------------------------------------------------------------
 (Depth) Function   	        Calls       Base Space   Used Autos Params    Refs
 ---------------------------------------------------------------------------------
 (0) _main                                                 2     2      0     480
                                             13 COMRAM     2     2      0
                    _PWM2_Initialize
                 _PWM2_LoadDutyValue
               _PWM2_OutputStatusGet
               _PWM_Output_D8_Enable
                    _TMR2_Initialize
                    _TMR2_StartTimer
                            ___lldiv
 ---------------------------------------------------------------------------------
 (1) ___lldiv                                             13     5      8     314
                                              0 COMRAM    13     5      8
 ---------------------------------------------------------------------------------
 (1) _TMR2_StartTimer                                      0     0      0       0
                         _TMR2_Start
 ---------------------------------------------------------------------------------
 (2) _TMR2_Start                                           0     0      0       0
 ---------------------------------------------------------------------------------
 (1) _TMR2_Initialize                                      0     0      0       0
 ---------------------------------------------------------------------------------
 (1) _PWM_Output_D8_Enable                                 0     0      0       0
 ---------------------------------------------------------------------------------
 (1) _PWM2_OutputStatusGet                                 0     0      0       0
 ---------------------------------------------------------------------------------
 (1) _PWM2_LoadDutyValue                                   2     0      2     166
                                              0 COMRAM     2     0      2
 ---------------------------------------------------------------------------------
 (1) _PWM2_Initialize                                      0     0      0       0
 ---------------------------------------------------------------------------------
 Estimated maximum stack depth 2
 ---------------------------------------------------------------------------------

 Call Graph Graphs:

 _main (ROOT)
   _PWM2_Initialize
   _PWM2_LoadDutyValue
   _PWM2_OutputStatusGet
   _PWM_Output_D8_Enable
   _TMR2_Initialize
   _TMR2_StartTimer
     _TMR2_Start
   ___lldiv

 Address spaces:
Name               Size   Autos  Total    Cost      Usage
BIGRAM            1FFF      0       0      81        0.0%
BITBIGSFRllhhll    49E      0       0      74        0.0%
EEDATA             400      0       0       0        0.0%
BITBIGSFRlll       1A4      0       0      80        0.0%
BITBANK31          100      0       0      67        0.0%
BANK31             100      0       0      68        0.0%
BITBANK30          100      0       0      65        0.0%
BANK30             100      0       0      66        0.0%
BITBANK29          100      0       0      63        0.0%
BANK29             100      0       0      64        0.0%
BITBANK28          100      0       0      61        0.0%
BANK28             100      0       0      62        0.0%
BITBANK27          100      0       0      59        0.0%
BANK27             100      0       0      60        0.0%
BITBANK26          100      0       0      57        0.0%
BANK26             100      0       0      58        0.0%
BITBANK25          100      0       0      55        0.0%
BANK25             100      0       0      56        0.0%
BITBANK24          100      0       0      53        0.0%
BANK24             100      0       0      54        0.0%
BITBANK23          100      0       0      51        0.0%
BANK23             100      0       0      52        0.0%
BITBANK22          100      0       0      49        0.0%
BANK22             100      0       0      50        0.0%
BITBANK21          100      0       0      47        0.0%
BANK21             100      0       0      48        0.0%
BITBANK20          100      0       0      45        0.0%
BANK20             100      0       0      46        0.0%
BITBANK19          100      0       0      43        0.0%
BANK19             100      0       0      44        0.0%
BITBANK18          100      0       0      41        0.0%
BANK18             100      0       0      42        0.0%
BITBANK17          100      0       0      39        0.0%
BANK17             100      0       0      40        0.0%
BITBANK16          100      0       0      37        0.0%
BANK16             100      0       0      38        0.0%
BITBANK15          100      0       0      35        0.0%
BANK15             100      0       0      36        0.0%
BITBANK14          100      0       0      33        0.0%
BANK14             100      0       0      34        0.0%
BITBANK13          100      0       0      31        0.0%
BANK13             100      0       0      32        0.0%
BITBANK12          100      0       0      29        0.0%
BANK12             100      0       0      30        0.0%
BITBANK11          100      0       0      27        0.0%
BANK11             100      0       0      28        0.0%
BITBANK10          100      0       0      25        0.0%
BANK10             100      0       0      26        0.0%
BITBANK9           100      0       0      23        0.0%
BANK9              100      0       0      24        0.0%
BITBANK8           100      0       0      20        0.0%
BANK8              100      0       0      21        0.0%
BITBANK7           100      0       0      18        0.0%
BANK7              100      0       0      19        0.0%
BITBANK6           100      0       0      16        0.0%
BANK6              100      0       0      17        0.0%
BITBANK5           100      0       0      14        0.0%
BANK5              100      0       0      15        0.0%
BITBANK4           100      0       0      12        0.0%
BANK4              100      0       0      13        0.0%
BITBANK3           100      0       0      10        0.0%
BANK3              100      0       0      11        0.0%
BITBANK2           100      0       0       8        0.0%
BANK2              100      0       0       9        0.0%
BITBANK1           100      0       0       6        0.0%
BANK1              100      0       0       7        0.0%
BITBANK0            A0      0       0       4        0.0%
BANK0               A0      0       0       5        0.0%
BITBIGSFRllhlhh     6E      0       0      75        0.0%
BITCOMRAM           5F      0       0       0        0.0%
COMRAM              5F      F      13       1       20.0%
BITBIGSFRllhlhl     44      0       0      76        0.0%
BITBIGSFRllhlll     37      0       0      79        0.0%
BITBIGSFRhhh        34      0       0      69        0.0%
BITBIGSFRllhhh      2F      0       0      72        0.0%
BITBIGSFRllhllh     2B      0       0      77        0.0%
BITBIGSFRllhhlh     19      0       0      73        0.0%
BITBIGSFRhl         13      0       0      71        0.0%
BITBIGSFRhhl         7      0       0      70        0.0%
BITBIGSFRllhllh      2      0       0      78        0.0%
BIGSFR               0      0       0     200        0.0%
BITSFR_8             0      0       0     200        0.0%
SFR_8                0      0       0     200        0.0%
BITSFR_7             0      0       0     200        0.0%
SFR_7                0      0       0     200        0.0%
BITSFR_6             0      0       0     200        0.0%
SFR_6                0      0       0     200        0.0%
BITSFR_5             0      0       0     200        0.0%
SFR_5                0      0       0     200        0.0%
BITSFR_4             0      0       0     200        0.0%
SFR_4                0      0       0     200        0.0%
BITSFR_3             0      0       0     200        0.0%
SFR_3                0      0       0     200        0.0%
BITSFR_2             0      0       0     200        0.0%
SFR_2                0      0       0     200        0.0%
BITSFR_1             0      0       0     200        0.0%
SFR_1                0      0       0     200        0.0%
BITSFR               0      0       0     200        0.0%
SFR                  0      0       0     200        0.0%
STACK                0      0       0       2        0.0%
NULL                 0      0       0       0        0.0%
ABS                  0      0      13      22        0.0%
DATA                 0      0      13       3        0.0%
CODE                 0      0       0       0        0.0%


Microchip Technology PIC18 Macro Assembler V2.46 build 20240104201356 
Symbol Table                                                                                   Tue May 07 19:49:38 2024

       ?_PWM_Output_D8_Enable 0001                            l53 21A0                            l56 2200  
                          l59 21FC                            l92 21D4                            l86 21BC  
                          l97 2182                            u30 21E6                            u31 21E0  
                          u36 21E8                            u90 216A                            u91 2166  
                         l100 21E8                           l152 2152                           l145 2142  
                         l811 21A2                           l813 21AC                           l911 217C  
                         l903 2154                           l815 21BA                           l817 21BE  
                         l905 215C                           l833 21D6                           l921 20D6  
                         l907 216A                           l931 2120                           l923 20DE  
                         l909 2178                           l933 2130                           l925 20EA  
                         l917 20B0                           l941 2006                           l791 21FE  
                         l935 2132                           l927 20F8                           l919 20C0  
                         l951 2034                           l943 2018                           l793 2184  
                         l937 213C                           l929 2102                           l961 20A4  
                         l953 207C                           l945 2020                           l795 2198  
                         l963 20A6                           l955 2084                           l947 2024  
                         l939 2002                           l797 21F8                           l957 208A  
                         l949 2028                           l959 2094                           u110 20D6  
                         u111 20D2                           u120 20F8                           u105 216C  
                         u121 20F4                           u130 2120                           u131 211C  
                         u150 20A4                           u151 20A0                           u145 2092  
                         u146 2094                           _PR2 3FAB               _TMR2_Initialize 2184  
                         wreg 3FE8  __end_of_PWM2_OutputStatusGet 21EA                          _T2PR 3FAB  
                        _TMR2 3FAA                          _main 2002                          start FFFC  
                ___param_bank 0000       __end_of_PWM2_Initialize 21D6                _checkdutyCycle 0010  
                       ?_main 0001               __end_of___lldiv 2154                         _T2CON 3FAC  
                       _T2HLT 3FAD                         _T2TMR 3FAA                         _T2RST 3FAF  
                       _PORTB 3FCB                         _TRISB 3FC3                   ?_TMR2_Start 0001  
                       status 3FD8               _TMR2_StartTimer 21F8        ??_PWM_Output_D8_Enable 0001  
             __initialization 21EA                  __end_of_main 20B0       __end_of_TMR2_Initialize 21A2  
                      ??_main 000E                 __activetblptr 0000                        _CCPR2H 3F79  
                      _CCPR2L 3F78                        _ANSELB 3A50                        _RB3PPS 3A0B  
                      _OSCFRQ 39DF                  _CCPTMRS0bits 3F5E                     ??___lldiv 0009  
            ?_PWM2_Initialize 0001          _PWM2_OutputStatusGet 21D6                        isa$std 0001  
                __mediumconst 0000       __end_of_TMR2_StartTimer 21FE                    __accesstop 0060  
     __end_of__initialization 21F2    __end_of_PWM2_LoadDutyValue 2184                 ___rparam_used 0001  
              __pcstackCOMRAM 0001         ?_PWM2_OutputStatusGet 0001              ?_TMR2_Initialize 0001  
                     _CCP2CON 3F7A                       _PPSLOCK 3ABF                  ??_TMR2_Start 0001  
            ?_TMR2_StartTimer 0001                       __Hparam 0000                       __Lparam 0000  
      ??_PWM2_OutputStatusGet 0001                       ___lldiv 20B0                  __psmallconst 2000  
          __end_of_TMR2_Start 2202                       __pcinit 21EA                       __ramtop 2000  
                     __ptext0 2002                       __ptext1 20B0                       __ptext2 21F8  
                     __ptext3 21FE                       __ptext4 2184                       __ptext5 21A2  
                     __ptext6 21D6                       __ptext7 2154                       __ptext8 21BE  
                   _T2CONbits 3FAC          end_of_initialization 21F2               ___lldiv@divisor 0005  
             ___lldiv@counter 000D                     _PORTBbits 3FCB                     _TRISBbits 3FC3  
                 _CCP2CONbits 3F7A            _PWM2_LoadDutyValue 2154           start_initialization 21EA  
         ?_PWM2_LoadDutyValue 0001          ??_PWM2_LoadDutyValue 0003   PWM2_LoadDutyValue@dutyValue 0001  
                 __pbssCOMRAM 0010                      ?___lldiv 0001                   __smallconst 2000  
                    _T2CLKCON 3FAE             ??_PWM2_Initialize 0001                      _PIR4bits 39A4  
                   _pwmStatus 0012  __end_of_PWM_Output_D8_Enable 21BE             ??_TMR2_Initialize 0001  
                    __Hrparam 0000                      __Lrparam 0000                      _preScale 0013  
                    isa$xinst 0000             ??_TMR2_StartTimer 0001                   _OSCSTATbits 39DC  
            ___lldiv@dividend 0001                   _PPSLOCKbits 3ABF          _PWM_Output_D8_Enable 21A2  
            ___lldiv@quotient 0009               _PWM2_Initialize 21BE                    _TMR2_Start 21FE  
